<?xml version="1.0" encoding="UTF-8"?>
<testsuite xmlns:xsi="http://www.w3.org/2001/XMLSchema-instance" xsi:noNamespaceSchemaLocation="https://maven.apache.org/surefire/maven-surefire-plugin/xsd/surefire-test-report-3.0.xsd" version="3.0" name="TestSuite" time="248.427" tests="13" errors="0" skipped="0" failures="12">
  <properties>
    <property name="java.specification.version" value="21"/>
    <property name="sun.cpu.isalist" value="amd64"/>
    <property name="sun.jnu.encoding" value="Cp1252"/>
    <property name="java.class.path" value="C:\Users\Ashok\eclipse-workspace\FamilyCentral_ProdCucumber\target\test-classes;C:\Users\Ashok\eclipse-workspace\FamilyCentral_ProdCucumber\target\classes;C:\Users\Ashok\.m2\repository\io\cucumber\cucumber-java\7.8.0\cucumber-java-7.8.0.jar;C:\Users\Ashok\.m2\repository\io\cucumber\cucumber-core\7.8.0\cucumber-core-7.8.0.jar;C:\Users\Ashok\.m2\repository\io\cucumber\cucumber-gherkin\7.8.0\cucumber-gherkin-7.8.0.jar;C:\Users\Ashok\.m2\repository\io\cucumber\cucumber-gherkin-messages\7.8.0\cucumber-gherkin-messages-7.8.0.jar;C:\Users\Ashok\.m2\repository\io\cucumber\gherkin\24.0.0\gherkin-24.0.0.jar;C:\Users\Ashok\.m2\repository\io\cucumber\messages\19.1.2\messages-19.1.2.jar;C:\Users\Ashok\.m2\repository\io\cucumber\tag-expressions\4.1.0\tag-expressions-4.1.0.jar;C:\Users\Ashok\.m2\repository\io\cucumber\cucumber-expressions\16.0.0\cucumber-expressions-16.0.0.jar;C:\Users\Ashok\.m2\repository\io\cucumber\datatable\7.8.0\datatable-7.8.0.jar;C:\Users\Ashok\.m2\repository\io\cucumber\cucumber-plugin\7.8.0\cucumber-plugin-7.8.0.jar;C:\Users\Ashok\.m2\repository\io\cucumber\docstring\7.8.0\docstring-7.8.0.jar;C:\Users\Ashok\.m2\repository\io\cucumber\html-formatter\20.1.0\html-formatter-20.1.0.jar;C:\Users\Ashok\.m2\repository\io\cucumber\ci-environment\9.1.0\ci-environment-9.1.0.jar;C:\Users\Ashok\.m2\repository\org\apiguardian\apiguardian-api\1.1.2\apiguardian-api-1.1.2.jar;C:\Users\Ashok\.m2\repository\io\cucumber\cucumber-testng\7.8.0\cucumber-testng-7.8.0.jar;C:\Users\Ashok\.m2\repository\io\cucumber\cucumber-junit\7.8.0\cucumber-junit-7.8.0.jar;C:\Users\Ashok\.m2\repository\junit\junit\4.13.2\junit-4.13.2.jar;C:\Users\Ashok\.m2\repository\org\hamcrest\hamcrest-core\1.3\hamcrest-core-1.3.jar;C:\Users\Ashok\.m2\repository\org\testng\testng\7.8.0\testng-7.8.0.jar;C:\Users\Ashok\.m2\repository\org\slf4j\slf4j-api\1.7.36\slf4j-api-1.7.36.jar;C:\Users\Ashok\.m2\repository\com\beust\jcommander\1.82\jcommander-1.82.jar;C:\Users\Ashok\.m2\repository\org\webjars\jquery\3.6.1\jquery-3.6.1.jar;C:\Users\Ashok\.m2\repository\org\slf4j\slf4j-simple\1.7.32\slf4j-simple-1.7.32.jar;C:\Users\Ashok\.m2\repository\com\github\javafaker\javafaker\1.0.2\javafaker-1.0.2.jar;C:\Users\Ashok\.m2\repository\org\apache\commons\commons-lang3\3.5\commons-lang3-3.5.jar;C:\Users\Ashok\.m2\repository\org\yaml\snakeyaml\1.23\snakeyaml-1.23-android.jar;C:\Users\Ashok\.m2\repository\com\github\mifmif\generex\1.0.2\generex-1.0.2.jar;C:\Users\Ashok\.m2\repository\dk\brics\automaton\automaton\1.11-8\automaton-1.11-8.jar;C:\Users\Ashok\.m2\repository\org\seleniumhq\selenium\selenium-java\4.16.1\selenium-java-4.16.1.jar;C:\Users\Ashok\.m2\repository\org\seleniumhq\selenium\selenium-api\4.16.1\selenium-api-4.16.1.jar;C:\Users\Ashok\.m2\repository\org\seleniumhq\selenium\selenium-chrome-driver\4.16.1\selenium-chrome-driver-4.16.1.jar;C:\Users\Ashok\.m2\repository\com\google\auto\service\auto-service-annotations\1.1.1\auto-service-annotations-1.1.1.jar;C:\Users\Ashok\.m2\repository\org\seleniumhq\selenium\selenium-chromium-driver\4.16.1\selenium-chromium-driver-4.16.1.jar;C:\Users\Ashok\.m2\repository\org\seleniumhq\selenium\selenium-json\4.16.1\selenium-json-4.16.1.jar;C:\Users\Ashok\.m2\repository\org\seleniumhq\selenium\selenium-manager\4.16.1\selenium-manager-4.16.1.jar;C:\Users\Ashok\.m2\repository\org\seleniumhq\selenium\selenium-devtools-v118\4.16.1\selenium-devtools-v118-4.16.1.jar;C:\Users\Ashok\.m2\repository\org\seleniumhq\selenium\selenium-devtools-v119\4.16.1\selenium-devtools-v119-4.16.1.jar;C:\Users\Ashok\.m2\repository\org\seleniumhq\selenium\selenium-devtools-v120\4.16.1\selenium-devtools-v120-4.16.1.jar;C:\Users\Ashok\.m2\repository\org\seleniumhq\selenium\selenium-devtools-v85\4.16.1\selenium-devtools-v85-4.16.1.jar;C:\Users\Ashok\.m2\repository\org\seleniumhq\selenium\selenium-edge-driver\4.16.1\selenium-edge-driver-4.16.1.jar;C:\Users\Ashok\.m2\repository\org\seleniumhq\selenium\selenium-firefox-driver\4.16.1\selenium-firefox-driver-4.16.1.jar;C:\Users\Ashok\.m2\repository\org\seleniumhq\selenium\selenium-http\4.16.1\selenium-http-4.16.1.jar;C:\Users\Ashok\.m2\repository\dev\failsafe\failsafe\3.3.2\failsafe-3.3.2.jar;C:\Users\Ashok\.m2\repository\org\seleniumhq\selenium\selenium-ie-driver\4.16.1\selenium-ie-driver-4.16.1.jar;C:\Users\Ashok\.m2\repository\org\seleniumhq\selenium\selenium-remote-driver\4.16.1\selenium-remote-driver-4.16.1.jar;C:\Users\Ashok\.m2\repository\com\google\guava\guava\32.1.2-jre\guava-32.1.2-jre.jar;C:\Users\Ashok\.m2\repository\com\google\guava\failureaccess\1.0.1\failureaccess-1.0.1.jar;C:\Users\Ashok\.m2\repository\com\google\guava\listenablefuture\9999.0-empty-to-avoid-conflict-with-guava\listenablefuture-9999.0-empty-to-avoid-conflict-with-guava.jar;C:\Users\Ashok\.m2\repository\com\google\code\findbugs\jsr305\3.0.2\jsr305-3.0.2.jar;C:\Users\Ashok\.m2\repository\org\checkerframework\checker-qual\3.33.0\checker-qual-3.33.0.jar;C:\Users\Ashok\.m2\repository\com\google\errorprone\error_prone_annotations\2.18.0\error_prone_annotations-2.18.0.jar;C:\Users\Ashok\.m2\repository\com\google\j2objc\j2objc-annotations\2.8\j2objc-annotations-2.8.jar;C:\Users\Ashok\.m2\repository\io\opentelemetry\opentelemetry-api\1.28.0\opentelemetry-api-1.28.0.jar;C:\Users\Ashok\.m2\repository\io\opentelemetry\opentelemetry-context\1.28.0\opentelemetry-context-1.28.0.jar;C:\Users\Ashok\.m2\repository\io\opentelemetry\opentelemetry-exporter-logging\1.28.0\opentelemetry-exporter-logging-1.28.0.jar;C:\Users\Ashok\.m2\repository\io\opentelemetry\opentelemetry-sdk-metrics\1.28.0\opentelemetry-sdk-metrics-1.28.0.jar;C:\Users\Ashok\.m2\repository\io\opentelemetry\opentelemetry-extension-incubator\1.28.0-alpha\opentelemetry-extension-incubator-1.28.0-alpha.jar;C:\Users\Ashok\.m2\repository\io\opentelemetry\opentelemetry-sdk-logs\1.28.0\opentelemetry-sdk-logs-1.28.0.jar;C:\Users\Ashok\.m2\repository\io\opentelemetry\opentelemetry-sdk-common\1.28.0\opentelemetry-sdk-common-1.28.0.jar;C:\Users\Ashok\.m2\repository\io\opentelemetry\opentelemetry-sdk-extension-autoconfigure-spi\1.28.0\opentelemetry-sdk-extension-autoconfigure-spi-1.28.0.jar;C:\Users\Ashok\.m2\repository\io\opentelemetry\opentelemetry-sdk-extension-autoconfigure\1.28.0\opentelemetry-sdk-extension-autoconfigure-1.28.0.jar;C:\Users\Ashok\.m2\repository\io\opentelemetry\opentelemetry-api-events\1.28.0-alpha\opentelemetry-api-events-1.28.0-alpha.jar;C:\Users\Ashok\.m2\repository\io\opentelemetry\opentelemetry-sdk-trace\1.28.0\opentelemetry-sdk-trace-1.28.0.jar;C:\Users\Ashok\.m2\repository\io\opentelemetry\opentelemetry-sdk\1.28.0\opentelemetry-sdk-1.28.0.jar;C:\Users\Ashok\.m2\repository\io\opentelemetry\opentelemetry-semconv\1.28.0-alpha\opentelemetry-semconv-1.28.0-alpha.jar;C:\Users\Ashok\.m2\repository\net\bytebuddy\byte-buddy\1.14.5\byte-buddy-1.14.5.jar;C:\Users\Ashok\.m2\repository\org\seleniumhq\selenium\selenium-os\4.16.1\selenium-os-4.16.1.jar;C:\Users\Ashok\.m2\repository\org\apache\commons\commons-exec\1.3\commons-exec-1.3.jar;C:\Users\Ashok\.m2\repository\org\seleniumhq\selenium\selenium-safari-driver\4.16.1\selenium-safari-driver-4.16.1.jar;C:\Users\Ashok\.m2\repository\org\seleniumhq\selenium\selenium-support\4.16.1\selenium-support-4.16.1.jar;C:\Users\Ashok\.m2\repository\tech\grasshopper\extentreports-cucumber7-adapter\1.7.0\extentreports-cucumber7-adapter-1.7.0.jar;C:\Users\Ashok\.m2\repository\com\aventstack\extentreports\5.0.9\extentreports-5.0.9.jar;C:\Users\Ashok\.m2\repository\io\reactivex\rxjava3\rxjava\3.0.4\rxjava-3.0.4.jar;C:\Users\Ashok\.m2\repository\org\reactivestreams\reactive-streams\1.0.3\reactive-streams-1.0.3.jar;C:\Users\Ashok\.m2\repository\org\freemarker\freemarker\2.3.30\freemarker-2.3.30.jar;C:\Users\Ashok\.m2\repository\com\google\code\gson\gson\2.8.6\gson-2.8.6.jar;C:\Users\Ashok\.m2\repository\tech\grasshopper\extent-pdf-report\2.7.0\extent-pdf-report-2.7.0.jar;C:\Users\Ashok\.m2\repository\tech\grasshopper\cucumber-pdf-report\2.10.0\cucumber-pdf-report-2.10.0.jar;C:\Users\Ashok\.m2\repository\org\apache\pdfbox\pdfbox\2.0.26\pdfbox-2.0.26.jar;C:\Users\Ashok\.m2\repository\org\apache\pdfbox\fontbox\2.0.26\fontbox-2.0.26.jar;C:\Users\Ashok\.m2\repository\org\knowm\xchart\xchart\3.8.0\xchart-3.8.0.jar;C:\Users\Ashok\.m2\repository\de\erichseifert\vectorgraphics2d\VectorGraphics2D\0.13\VectorGraphics2D-0.13.jar;C:\Users\Ashok\.m2\repository\de\rototor\pdfbox\graphics2d\0.30\graphics2d-0.30.jar;C:\Users\Ashok\.m2\repository\com\madgag\animated-gif-lib\1.4\animated-gif-lib-1.4.jar;C:\Users\Ashok\.m2\repository\org\yaml\snakeyaml\1.28\snakeyaml-1.28.jar;C:\Users\Ashok\.m2\repository\tech\grasshopper\table-layout\1.5.1\table-layout-1.5.1.jar;C:\Users\Ashok\.m2\repository\tech\grasshopper\rest-assured-cucumber-pdf-report\1.4.1\rest-assured-cucumber-pdf-report-1.4.1.jar;C:\Users\Ashok\.m2\repository\org\jsoup\jsoup\1.14.3\jsoup-1.14.3.jar;C:\Users\Ashok\.m2\repository\com\aventstack\klov-reporter\5.0.9\klov-reporter-5.0.9.jar;C:\Users\Ashok\.m2\repository\org\mongodb\mongodb-driver\3.6.4\mongodb-driver-3.6.4.jar;C:\Users\Ashok\.m2\repository\org\mongodb\mongodb-driver-core\3.6.4\mongodb-driver-core-3.6.4.jar;C:\Users\Ashok\.m2\repository\org\mongodb\bson\3.6.4\bson-3.6.4.jar;C:\Users\Ashok\.m2\repository\org\apache\httpcomponents\httpclient\4.5.13\httpclient-4.5.13.jar;C:\Users\Ashok\.m2\repository\org\apache\httpcomponents\httpcore\4.4.13\httpcore-4.4.13.jar;C:\Users\Ashok\.m2\repository\commons-logging\commons-logging\1.2\commons-logging-1.2.jar;C:\Users\Ashok\.m2\repository\org\apache\httpcomponents\httpmime\4.5.13\httpmime-4.5.13.jar;C:\Users\Ashok\.m2\repository\tech\grasshopper\htmlextentreporter\1.0.1\htmlextentreporter-1.0.1.jar;C:\Users\Ashok\.m2\repository\org\apache\poi\poi\4.1.2\poi-4.1.2.jar;C:\Users\Ashok\.m2\repository\commons-codec\commons-codec\1.13\commons-codec-1.13.jar;C:\Users\Ashok\.m2\repository\org\apache\commons\commons-collections4\4.4\commons-collections4-4.4.jar;C:\Users\Ashok\.m2\repository\org\apache\commons\commons-math3\3.6.1\commons-math3-3.6.1.jar;C:\Users\Ashok\.m2\repository\com\zaxxer\SparseBitSet\1.2\SparseBitSet-1.2.jar;C:\Users\Ashok\.m2\repository\org\apache\poi\poi-ooxml\4.1.2\poi-ooxml-4.1.2.jar;C:\Users\Ashok\.m2\repository\org\apache\poi\poi-ooxml-schemas\4.1.2\poi-ooxml-schemas-4.1.2.jar;C:\Users\Ashok\.m2\repository\org\apache\xmlbeans\xmlbeans\3.1.0\xmlbeans-3.1.0.jar;C:\Users\Ashok\.m2\repository\org\apache\commons\commons-compress\1.19\commons-compress-1.19.jar;C:\Users\Ashok\.m2\repository\com\github\virtuald\curvesapi\1.06\curvesapi-1.06.jar;C:\Users\Ashok\.m2\repository\org\projectlombok\lombok\1.18.32\lombok-1.18.32.jar;"/>
    <property name="java.vm.vendor" value="Oracle Corporation"/>
    <property name="sun.arch.data.model" value="64"/>
    <property name="user.variant" value=""/>
    <property name="java.vendor.url" value="https://java.oracle.com/"/>
    <property name="user.timezone" value="Asia/Calcutta"/>
    <property name="os.name" value="Windows 11"/>
    <property name="java.vm.specification.version" value="21"/>
    <property name="sun.java.launcher" value="SUN_STANDARD"/>
    <property name="user.country" value="IN"/>
    <property name="sun.boot.library.path" value="C:\Program Files\Java\jdk-21\bin"/>
    <property name="sun.java.command" value="C:\Users\Ashok\AppData\Local\Temp\surefire6428042652535369004\surefirebooter-20240419154740152_3.jar C:\Users\Ashok\AppData\Local\Temp\surefire6428042652535369004 2024-04-19T15-47-39_821-jvmRun1 surefire-20240419154740152_1tmp surefire_0-20240419154740152_2tmp"/>
    <property name="jdk.debug" value="release"/>
    <property name="surefire.test.class.path" value="C:\Users\Ashok\eclipse-workspace\FamilyCentral_ProdCucumber\target\test-classes;C:\Users\Ashok\eclipse-workspace\FamilyCentral_ProdCucumber\target\classes;C:\Users\Ashok\.m2\repository\io\cucumber\cucumber-java\7.8.0\cucumber-java-7.8.0.jar;C:\Users\Ashok\.m2\repository\io\cucumber\cucumber-core\7.8.0\cucumber-core-7.8.0.jar;C:\Users\Ashok\.m2\repository\io\cucumber\cucumber-gherkin\7.8.0\cucumber-gherkin-7.8.0.jar;C:\Users\Ashok\.m2\repository\io\cucumber\cucumber-gherkin-messages\7.8.0\cucumber-gherkin-messages-7.8.0.jar;C:\Users\Ashok\.m2\repository\io\cucumber\gherkin\24.0.0\gherkin-24.0.0.jar;C:\Users\Ashok\.m2\repository\io\cucumber\messages\19.1.2\messages-19.1.2.jar;C:\Users\Ashok\.m2\repository\io\cucumber\tag-expressions\4.1.0\tag-expressions-4.1.0.jar;C:\Users\Ashok\.m2\repository\io\cucumber\cucumber-expressions\16.0.0\cucumber-expressions-16.0.0.jar;C:\Users\Ashok\.m2\repository\io\cucumber\datatable\7.8.0\datatable-7.8.0.jar;C:\Users\Ashok\.m2\repository\io\cucumber\cucumber-plugin\7.8.0\cucumber-plugin-7.8.0.jar;C:\Users\Ashok\.m2\repository\io\cucumber\docstring\7.8.0\docstring-7.8.0.jar;C:\Users\Ashok\.m2\repository\io\cucumber\html-formatter\20.1.0\html-formatter-20.1.0.jar;C:\Users\Ashok\.m2\repository\io\cucumber\ci-environment\9.1.0\ci-environment-9.1.0.jar;C:\Users\Ashok\.m2\repository\org\apiguardian\apiguardian-api\1.1.2\apiguardian-api-1.1.2.jar;C:\Users\Ashok\.m2\repository\io\cucumber\cucumber-testng\7.8.0\cucumber-testng-7.8.0.jar;C:\Users\Ashok\.m2\repository\io\cucumber\cucumber-junit\7.8.0\cucumber-junit-7.8.0.jar;C:\Users\Ashok\.m2\repository\junit\junit\4.13.2\junit-4.13.2.jar;C:\Users\Ashok\.m2\repository\org\hamcrest\hamcrest-core\1.3\hamcrest-core-1.3.jar;C:\Users\Ashok\.m2\repository\org\testng\testng\7.8.0\testng-7.8.0.jar;C:\Users\Ashok\.m2\repository\org\slf4j\slf4j-api\1.7.36\slf4j-api-1.7.36.jar;C:\Users\Ashok\.m2\repository\com\beust\jcommander\1.82\jcommander-1.82.jar;C:\Users\Ashok\.m2\repository\org\webjars\jquery\3.6.1\jquery-3.6.1.jar;C:\Users\Ashok\.m2\repository\org\slf4j\slf4j-simple\1.7.32\slf4j-simple-1.7.32.jar;C:\Users\Ashok\.m2\repository\com\github\javafaker\javafaker\1.0.2\javafaker-1.0.2.jar;C:\Users\Ashok\.m2\repository\org\apache\commons\commons-lang3\3.5\commons-lang3-3.5.jar;C:\Users\Ashok\.m2\repository\org\yaml\snakeyaml\1.23\snakeyaml-1.23-android.jar;C:\Users\Ashok\.m2\repository\com\github\mifmif\generex\1.0.2\generex-1.0.2.jar;C:\Users\Ashok\.m2\repository\dk\brics\automaton\automaton\1.11-8\automaton-1.11-8.jar;C:\Users\Ashok\.m2\repository\org\seleniumhq\selenium\selenium-java\4.16.1\selenium-java-4.16.1.jar;C:\Users\Ashok\.m2\repository\org\seleniumhq\selenium\selenium-api\4.16.1\selenium-api-4.16.1.jar;C:\Users\Ashok\.m2\repository\org\seleniumhq\selenium\selenium-chrome-driver\4.16.1\selenium-chrome-driver-4.16.1.jar;C:\Users\Ashok\.m2\repository\com\google\auto\service\auto-service-annotations\1.1.1\auto-service-annotations-1.1.1.jar;C:\Users\Ashok\.m2\repository\org\seleniumhq\selenium\selenium-chromium-driver\4.16.1\selenium-chromium-driver-4.16.1.jar;C:\Users\Ashok\.m2\repository\org\seleniumhq\selenium\selenium-json\4.16.1\selenium-json-4.16.1.jar;C:\Users\Ashok\.m2\repository\org\seleniumhq\selenium\selenium-manager\4.16.1\selenium-manager-4.16.1.jar;C:\Users\Ashok\.m2\repository\org\seleniumhq\selenium\selenium-devtools-v118\4.16.1\selenium-devtools-v118-4.16.1.jar;C:\Users\Ashok\.m2\repository\org\seleniumhq\selenium\selenium-devtools-v119\4.16.1\selenium-devtools-v119-4.16.1.jar;C:\Users\Ashok\.m2\repository\org\seleniumhq\selenium\selenium-devtools-v120\4.16.1\selenium-devtools-v120-4.16.1.jar;C:\Users\Ashok\.m2\repository\org\seleniumhq\selenium\selenium-devtools-v85\4.16.1\selenium-devtools-v85-4.16.1.jar;C:\Users\Ashok\.m2\repository\org\seleniumhq\selenium\selenium-edge-driver\4.16.1\selenium-edge-driver-4.16.1.jar;C:\Users\Ashok\.m2\repository\org\seleniumhq\selenium\selenium-firefox-driver\4.16.1\selenium-firefox-driver-4.16.1.jar;C:\Users\Ashok\.m2\repository\org\seleniumhq\selenium\selenium-http\4.16.1\selenium-http-4.16.1.jar;C:\Users\Ashok\.m2\repository\dev\failsafe\failsafe\3.3.2\failsafe-3.3.2.jar;C:\Users\Ashok\.m2\repository\org\seleniumhq\selenium\selenium-ie-driver\4.16.1\selenium-ie-driver-4.16.1.jar;C:\Users\Ashok\.m2\repository\org\seleniumhq\selenium\selenium-remote-driver\4.16.1\selenium-remote-driver-4.16.1.jar;C:\Users\Ashok\.m2\repository\com\google\guava\guava\32.1.2-jre\guava-32.1.2-jre.jar;C:\Users\Ashok\.m2\repository\com\google\guava\failureaccess\1.0.1\failureaccess-1.0.1.jar;C:\Users\Ashok\.m2\repository\com\google\guava\listenablefuture\9999.0-empty-to-avoid-conflict-with-guava\listenablefuture-9999.0-empty-to-avoid-conflict-with-guava.jar;C:\Users\Ashok\.m2\repository\com\google\code\findbugs\jsr305\3.0.2\jsr305-3.0.2.jar;C:\Users\Ashok\.m2\repository\org\checkerframework\checker-qual\3.33.0\checker-qual-3.33.0.jar;C:\Users\Ashok\.m2\repository\com\google\errorprone\error_prone_annotations\2.18.0\error_prone_annotations-2.18.0.jar;C:\Users\Ashok\.m2\repository\com\google\j2objc\j2objc-annotations\2.8\j2objc-annotations-2.8.jar;C:\Users\Ashok\.m2\repository\io\opentelemetry\opentelemetry-api\1.28.0\opentelemetry-api-1.28.0.jar;C:\Users\Ashok\.m2\repository\io\opentelemetry\opentelemetry-context\1.28.0\opentelemetry-context-1.28.0.jar;C:\Users\Ashok\.m2\repository\io\opentelemetry\opentelemetry-exporter-logging\1.28.0\opentelemetry-exporter-logging-1.28.0.jar;C:\Users\Ashok\.m2\repository\io\opentelemetry\opentelemetry-sdk-metrics\1.28.0\opentelemetry-sdk-metrics-1.28.0.jar;C:\Users\Ashok\.m2\repository\io\opentelemetry\opentelemetry-extension-incubator\1.28.0-alpha\opentelemetry-extension-incubator-1.28.0-alpha.jar;C:\Users\Ashok\.m2\repository\io\opentelemetry\opentelemetry-sdk-logs\1.28.0\opentelemetry-sdk-logs-1.28.0.jar;C:\Users\Ashok\.m2\repository\io\opentelemetry\opentelemetry-sdk-common\1.28.0\opentelemetry-sdk-common-1.28.0.jar;C:\Users\Ashok\.m2\repository\io\opentelemetry\opentelemetry-sdk-extension-autoconfigure-spi\1.28.0\opentelemetry-sdk-extension-autoconfigure-spi-1.28.0.jar;C:\Users\Ashok\.m2\repository\io\opentelemetry\opentelemetry-sdk-extension-autoconfigure\1.28.0\opentelemetry-sdk-extension-autoconfigure-1.28.0.jar;C:\Users\Ashok\.m2\repository\io\opentelemetry\opentelemetry-api-events\1.28.0-alpha\opentelemetry-api-events-1.28.0-alpha.jar;C:\Users\Ashok\.m2\repository\io\opentelemetry\opentelemetry-sdk-trace\1.28.0\opentelemetry-sdk-trace-1.28.0.jar;C:\Users\Ashok\.m2\repository\io\opentelemetry\opentelemetry-sdk\1.28.0\opentelemetry-sdk-1.28.0.jar;C:\Users\Ashok\.m2\repository\io\opentelemetry\opentelemetry-semconv\1.28.0-alpha\opentelemetry-semconv-1.28.0-alpha.jar;C:\Users\Ashok\.m2\repository\net\bytebuddy\byte-buddy\1.14.5\byte-buddy-1.14.5.jar;C:\Users\Ashok\.m2\repository\org\seleniumhq\selenium\selenium-os\4.16.1\selenium-os-4.16.1.jar;C:\Users\Ashok\.m2\repository\org\apache\commons\commons-exec\1.3\commons-exec-1.3.jar;C:\Users\Ashok\.m2\repository\org\seleniumhq\selenium\selenium-safari-driver\4.16.1\selenium-safari-driver-4.16.1.jar;C:\Users\Ashok\.m2\repository\org\seleniumhq\selenium\selenium-support\4.16.1\selenium-support-4.16.1.jar;C:\Users\Ashok\.m2\repository\tech\grasshopper\extentreports-cucumber7-adapter\1.7.0\extentreports-cucumber7-adapter-1.7.0.jar;C:\Users\Ashok\.m2\repository\com\aventstack\extentreports\5.0.9\extentreports-5.0.9.jar;C:\Users\Ashok\.m2\repository\io\reactivex\rxjava3\rxjava\3.0.4\rxjava-3.0.4.jar;C:\Users\Ashok\.m2\repository\org\reactivestreams\reactive-streams\1.0.3\reactive-streams-1.0.3.jar;C:\Users\Ashok\.m2\repository\org\freemarker\freemarker\2.3.30\freemarker-2.3.30.jar;C:\Users\Ashok\.m2\repository\com\google\code\gson\gson\2.8.6\gson-2.8.6.jar;C:\Users\Ashok\.m2\repository\tech\grasshopper\extent-pdf-report\2.7.0\extent-pdf-report-2.7.0.jar;C:\Users\Ashok\.m2\repository\tech\grasshopper\cucumber-pdf-report\2.10.0\cucumber-pdf-report-2.10.0.jar;C:\Users\Ashok\.m2\repository\org\apache\pdfbox\pdfbox\2.0.26\pdfbox-2.0.26.jar;C:\Users\Ashok\.m2\repository\org\apache\pdfbox\fontbox\2.0.26\fontbox-2.0.26.jar;C:\Users\Ashok\.m2\repository\org\knowm\xchart\xchart\3.8.0\xchart-3.8.0.jar;C:\Users\Ashok\.m2\repository\de\erichseifert\vectorgraphics2d\VectorGraphics2D\0.13\VectorGraphics2D-0.13.jar;C:\Users\Ashok\.m2\repository\de\rototor\pdfbox\graphics2d\0.30\graphics2d-0.30.jar;C:\Users\Ashok\.m2\repository\com\madgag\animated-gif-lib\1.4\animated-gif-lib-1.4.jar;C:\Users\Ashok\.m2\repository\org\yaml\snakeyaml\1.28\snakeyaml-1.28.jar;C:\Users\Ashok\.m2\repository\tech\grasshopper\table-layout\1.5.1\table-layout-1.5.1.jar;C:\Users\Ashok\.m2\repository\tech\grasshopper\rest-assured-cucumber-pdf-report\1.4.1\rest-assured-cucumber-pdf-report-1.4.1.jar;C:\Users\Ashok\.m2\repository\org\jsoup\jsoup\1.14.3\jsoup-1.14.3.jar;C:\Users\Ashok\.m2\repository\com\aventstack\klov-reporter\5.0.9\klov-reporter-5.0.9.jar;C:\Users\Ashok\.m2\repository\org\mongodb\mongodb-driver\3.6.4\mongodb-driver-3.6.4.jar;C:\Users\Ashok\.m2\repository\org\mongodb\mongodb-driver-core\3.6.4\mongodb-driver-core-3.6.4.jar;C:\Users\Ashok\.m2\repository\org\mongodb\bson\3.6.4\bson-3.6.4.jar;C:\Users\Ashok\.m2\repository\org\apache\httpcomponents\httpclient\4.5.13\httpclient-4.5.13.jar;C:\Users\Ashok\.m2\repository\org\apache\httpcomponents\httpcore\4.4.13\httpcore-4.4.13.jar;C:\Users\Ashok\.m2\repository\commons-logging\commons-logging\1.2\commons-logging-1.2.jar;C:\Users\Ashok\.m2\repository\org\apache\httpcomponents\httpmime\4.5.13\httpmime-4.5.13.jar;C:\Users\Ashok\.m2\repository\tech\grasshopper\htmlextentreporter\1.0.1\htmlextentreporter-1.0.1.jar;C:\Users\Ashok\.m2\repository\org\apache\poi\poi\4.1.2\poi-4.1.2.jar;C:\Users\Ashok\.m2\repository\commons-codec\commons-codec\1.13\commons-codec-1.13.jar;C:\Users\Ashok\.m2\repository\org\apache\commons\commons-collections4\4.4\commons-collections4-4.4.jar;C:\Users\Ashok\.m2\repository\org\apache\commons\commons-math3\3.6.1\commons-math3-3.6.1.jar;C:\Users\Ashok\.m2\repository\com\zaxxer\SparseBitSet\1.2\SparseBitSet-1.2.jar;C:\Users\Ashok\.m2\repository\org\apache\poi\poi-ooxml\4.1.2\poi-ooxml-4.1.2.jar;C:\Users\Ashok\.m2\repository\org\apache\poi\poi-ooxml-schemas\4.1.2\poi-ooxml-schemas-4.1.2.jar;C:\Users\Ashok\.m2\repository\org\apache\xmlbeans\xmlbeans\3.1.0\xmlbeans-3.1.0.jar;C:\Users\Ashok\.m2\repository\org\apache\commons\commons-compress\1.19\commons-compress-1.19.jar;C:\Users\Ashok\.m2\repository\com\github\virtuald\curvesapi\1.06\curvesapi-1.06.jar;C:\Users\Ashok\.m2\repository\org\projectlombok\lombok\1.18.32\lombok-1.18.32.jar;"/>
    <property name="sun.cpu.endian" value="little"/>
    <property name="user.home" value="C:\Users\Ashok"/>
    <property name="user.language" value="en"/>
    <property name="java.specification.vendor" value="Oracle Corporation"/>
    <property name="java.version.date" value="2023-10-17"/>
    <property name="java.home" value="C:\Program Files\Java\jdk-21"/>
    <property name="file.separator" value="\"/>
    <property name="basedir" value="C:\Users\Ashok\eclipse-workspace\FamilyCentral_ProdCucumber"/>
    <property name="java.vm.compressedOopsMode" value="Zero based"/>
    <property name="line.separator" value="&#10;"/>
    <property name="java.vm.specification.vendor" value="Oracle Corporation"/>
    <property name="java.specification.name" value="Java Platform API Specification"/>
    <property name="surefire.real.class.path" value="C:\Users\Ashok\AppData\Local\Temp\surefire6428042652535369004\surefirebooter-20240419154740152_3.jar"/>
    <property name="user.script" value=""/>
    <property name="sun.management.compiler" value="HotSpot 64-Bit Tiered Compilers"/>
    <property name="java.runtime.version" value="21.0.1+12-LTS-29"/>
    <property name="user.name" value="Ashok"/>
    <property name="stdout.encoding" value="Cp1252"/>
    <property name="path.separator" value=";"/>
    <property name="os.version" value="10.0"/>
    <property name="java.runtime.name" value="Java(TM) SE Runtime Environment"/>
    <property name="file.encoding" value="UTF-8"/>
    <property name="java.vm.name" value="Java HotSpot(TM) 64-Bit Server VM"/>
    <property name="localRepository" value="C:\Users\Ashok\.m2\repository"/>
    <property name="java.vendor.url.bug" value="https://bugreport.java.com/bugreport/"/>
    <property name="java.io.tmpdir" value="C:\Users\Ashok\AppData\Local\Temp\"/>
    <property name="java.version" value="21.0.1"/>
    <property name="user.dir" value="C:\Users\Ashok\eclipse-workspace\FamilyCentral_ProdCucumber"/>
    <property name="os.arch" value="amd64"/>
    <property name="java.vm.specification.name" value="Java Virtual Machine Specification"/>
    <property name="sun.os.patch.level" value=""/>
    <property name="native.encoding" value="Cp1252"/>
    <property name="java.library.path" value="C:\Program Files\Java\jdk-21\bin;C:\WINDOWS\Sun\Java\bin;C:\WINDOWS\system32;C:\WINDOWS;C:\Python312\Scripts\;C:\Python312\;C:\Program Files\Common Files\Oracle\Java\javapath;C:\Program Files (x86)\Common Files\Oracle\Java\javapath;C:\WINDOWS\system32;C:\WINDOWS;C:\WINDOWS\System32\Wbem;C:\WINDOWS\System32\WindowsPowerShell\v1.0\;C:\WINDOWS\System32\OpenSSH\;C:\Users\Ashok\AppData\Local\Android\Sdk\tools\bin;C:\Users\Ashok\AppData\Local\Android\Sdk\tools;C:\Users\Ashok\AppData\Local\Android\Sdk\platform-tools;C:\Program Files\nodejs\node_modules\npm\bin;C:\Program Files (x86)\Microsoft SQL Server\160\DTS\Binn\;C:\Program Files\Git\cmd;C:\Program Files\apache-maven-3.9.6-bin\apache-maven-3.9.6\bin;C:\Program Files\Java\jdk-21\bin;C:\Program Files\nodejs\;C:\ProgramData\chocolatey\bin;C:\Users\Ashok\.console-ninja\.bin;C:\Users\Ashok\AppData\Local\Microsoft\WindowsApps;C:\Program Files\Azure Data Studio\bin;C:\Users\Ashok\AppData\Roaming\npm;C:\Users\Ashok\AppData\Local\Programs\Microsoft VS Code\bin;."/>
    <property name="java.vm.info" value="mixed mode, sharing"/>
    <property name="stderr.encoding" value="Cp1252"/>
    <property name="java.vendor" value="Oracle Corporation"/>
    <property name="java.vm.version" value="21.0.1+12-LTS-29"/>
    <property name="sun.io.unicode.encoding" value="UnicodeLittle"/>
    <property name="java.class.version" value="65.0"/>
  </properties>
  <testcase name="setUpClass[org.testng.TestRunner@7be9b8d0](0)" classname="testRunners.MyTestRunner" time="1.291">
    <failure message="path must exist: C:\Users\Ashok\eclipse-workspace\FamilyCentral_ProdCucumber\src\test\resources\features\dummyFeatures\google_search.feature" type="java.lang.IllegalArgumentException"><![CDATA[java.lang.IllegalArgumentException: path must exist: C:\Users\Ashok\eclipse-workspace\FamilyCentral_ProdCucumber\src\test\resources\features\dummyFeatures\google_search.feature
	at io.cucumber.core.resource.PathScanner.findResourcesForPath(PathScanner.java:49)
	at io.cucumber.core.resource.PathScanner.findResourcesForUri(PathScanner.java:31)
	at io.cucumber.core.resource.ResourceScanner.findResourcesForUri(ResourceScanner.java:61)
	at io.cucumber.core.resource.ResourceScanner.scanForResourcesUri(ResourceScanner.java:134)
	at io.cucumber.core.runtime.FeaturePathFeatureSupplier.loadFeatures(FeaturePathFeatureSupplier.java:62)
	at io.cucumber.core.runtime.FeaturePathFeatureSupplier.get(FeaturePathFeatureSupplier.java:45)
	at io.cucumber.testng.TestNGCucumberRunner.<init>(TestNGCucumberRunner.java:122)
	at io.cucumber.testng.AbstractTestNGCucumberTests.setUpClass(AbstractTestNGCucumberTests.java:27)
	at java.base/jdk.internal.reflect.DirectMethodHandleAccessor.invoke(DirectMethodHandleAccessor.java:103)
	at java.base/java.lang.reflect.Method.invoke(Method.java:580)
	at org.testng.internal.invokers.MethodInvocationHelper.invokeMethod(MethodInvocationHelper.java:139)
	at org.testng.internal.invokers.MethodInvocationHelper.invokeMethodConsideringTimeout(MethodInvocationHelper.java:69)
	at org.testng.internal.invokers.ConfigInvoker.invokeConfigurationMethod(ConfigInvoker.java:390)
	at org.testng.internal.invokers.ConfigInvoker.invokeConfigurations(ConfigInvoker.java:325)
	at org.testng.internal.invokers.TestMethodWorker.invokeBeforeClassMethods(TestMethodWorker.java:180)
	at org.testng.internal.invokers.TestMethodWorker.run(TestMethodWorker.java:122)
	at java.base/java.util.concurrent.ThreadPoolExecutor.runWorker(ThreadPoolExecutor.java:1144)
	at java.base/java.util.concurrent.ThreadPoolExecutor$Worker.run(ThreadPoolExecutor.java:642)
	at java.base/java.lang.Thread.run(Thread.java:1583)
]]></failure>
    <system-err><![CDATA[[main] WARN org.testng.internal.Configuration - Detected a static method [testRunners.ParallelRunTest.setUp()]. Static configuration methods can cause  unexpected behavior.
]]></system-err>
  </testcase>
  <testcase name="setUp" classname="testRunners.MyTestRunner" time="1.316">
    <failure message="&#10;Parameter &apos;browser&apos; is required by BeforeClass on method setUp but has not been marked @Optional or defined&#10;" type="org.testng.TestNGException"><![CDATA[org.testng.TestNGException: 

Parameter 'browser' is required by BeforeClass on method setUp but has not been marked @Optional or defined

	at org.testng.internal.Parameters.createParams(Parameters.java:267)
	at org.testng.internal.Parameters.createParametersForMethod(Parameters.java:355)
	at org.testng.internal.Parameters.createParameters(Parameters.java:684)
	at org.testng.internal.Parameters.createConfigurationParameters(Parameters.java:166)
	at org.testng.internal.invokers.ConfigInvoker.invokeConfigurations(ConfigInvoker.java:306)
	at org.testng.internal.invokers.TestMethodWorker.invokeBeforeClassMethods(TestMethodWorker.java:180)
	at org.testng.internal.invokers.TestMethodWorker.run(TestMethodWorker.java:122)
	at java.base/java.util.concurrent.ThreadPoolExecutor.runWorker(ThreadPoolExecutor.java:1144)
	at java.base/java.util.concurrent.ThreadPoolExecutor$Worker.run(ThreadPoolExecutor.java:642)
	at java.base/java.lang.Thread.run(Thread.java:1583)
]]></failure>
  </testcase>
  <testcase name="runScenario[&quot;Add a Custom Folder and Upload PDF Files of Small, Medium and Large init&quot;, &quot;File Management Feature&quot;](1)" classname="testRunners.FeatureRunner" time="38.731">
    <failure message="Element &lt;p class=&quot;mb-0 file_length&quot;&gt; could not be scrolled into view&#10;Build info: version: &apos;4.16.1&apos;, revision: &apos;9b4c83354e&apos;&#10;System info: os.name: &apos;Windows 11&apos;, os.arch: &apos;amd64&apos;, os.version: &apos;10.0&apos;, java.version: &apos;21.0.1&apos;&#10;Driver info: org.openqa.selenium.firefox.FirefoxDriver&#10;Command: [5b9c9afa-cd2a-4db4-9af1-0e2e8293ca9d, clickElement {id=983f8b1e-2034-4ce3-a1df-62810997e0e6}]&#10;Capabilities {acceptInsecureCerts: true, browserName: firefox, browserVersion: 124.0.2, moz:accessibilityChecks: false, moz:buildID: 20240401114208, moz:debuggerAddress: 127.0.0.1:37638, moz:geckodriverVersion: 0.34.0, moz:headless: false, moz:platformVersion: 10.0, moz:processID: 3576, moz:profile: C:\Users\Ashok\AppData\Loca..., moz:shutdownTimeout: 60000, moz:webdriverClick: true, moz:windowless: false, pageLoadStrategy: normal, platformName: windows, proxy: Proxy(), se:cdp: ws://127.0.0.1:37638/devtoo..., se:cdpVersion: 85.0, setWindowRect: true, strictFileInteractability: false, timeouts: {implicit: 0, pageLoad: 300000, script: 30000}, unhandledPromptBehavior: dismiss and notify}&#10;Element: [[FirefoxDriver: firefox on windows (5b9c9afa-cd2a-4db4-9af1-0e2e8293ca9d)] -&gt; xpath: //p[@class=&apos;mb-0 file_length&apos; and text()=&apos;t5QEZ386_Ashok&apos;]]&#10;Session ID: 5b9c9afa-cd2a-4db4-9af1-0e2e8293ca9d" type="org.openqa.selenium.ElementNotInteractableException"><![CDATA[org.openqa.selenium.ElementNotInteractableException: 
Element <p class="mb-0 file_length"> could not be scrolled into view
Build info: version: '4.16.1', revision: '9b4c83354e'
System info: os.name: 'Windows 11', os.arch: 'amd64', os.version: '10.0', java.version: '21.0.1'
Driver info: org.openqa.selenium.firefox.FirefoxDriver
Command: [5b9c9afa-cd2a-4db4-9af1-0e2e8293ca9d, clickElement {id=983f8b1e-2034-4ce3-a1df-62810997e0e6}]
Capabilities {acceptInsecureCerts: true, browserName: firefox, browserVersion: 124.0.2, moz:accessibilityChecks: false, moz:buildID: 20240401114208, moz:debuggerAddress: 127.0.0.1:37638, moz:geckodriverVersion: 0.34.0, moz:headless: false, moz:platformVersion: 10.0, moz:processID: 3576, moz:profile: C:\Users\Ashok\AppData\Loca..., moz:shutdownTimeout: 60000, moz:webdriverClick: true, moz:windowless: false, pageLoadStrategy: normal, platformName: windows, proxy: Proxy(), se:cdp: ws://127.0.0.1:37638/devtoo..., se:cdpVersion: 85.0, setWindowRect: true, strictFileInteractability: false, timeouts: {implicit: 0, pageLoad: 300000, script: 30000}, unhandledPromptBehavior: dismiss and notify}
Element: [[FirefoxDriver: firefox on windows (5b9c9afa-cd2a-4db4-9af1-0e2e8293ca9d)] -> xpath: //p[@class='mb-0 file_length' and text()='t5QEZ386_Ashok']]
Session ID: 5b9c9afa-cd2a-4db4-9af1-0e2e8293ca9d
	at java.base/jdk.internal.reflect.DirectConstructorHandleAccessor.newInstance(DirectConstructorHandleAccessor.java:62)
	at java.base/java.lang.reflect.Constructor.newInstanceWithCaller(Constructor.java:502)
	at java.base/java.lang.reflect.Constructor.newInstance(Constructor.java:486)
	at org.openqa.selenium.remote.codec.w3c.W3CHttpResponseCodec.createException(W3CHttpResponseCodec.java:200)
	at org.openqa.selenium.remote.codec.w3c.W3CHttpResponseCodec.decode(W3CHttpResponseCodec.java:133)
	at org.openqa.selenium.remote.codec.w3c.W3CHttpResponseCodec.decode(W3CHttpResponseCodec.java:52)
	at org.openqa.selenium.remote.HttpCommandExecutor.execute(HttpCommandExecutor.java:191)
	at org.openqa.selenium.remote.service.DriverCommandExecutor.invokeExecute(DriverCommandExecutor.java:200)
	at org.openqa.selenium.remote.service.DriverCommandExecutor.execute(DriverCommandExecutor.java:175)
	at org.openqa.selenium.remote.RemoteWebDriver.execute(RemoteWebDriver.java:523)
	at org.openqa.selenium.remote.RemoteWebElement.execute(RemoteWebElement.java:224)
	at org.openqa.selenium.remote.RemoteWebElement.click(RemoteWebElement.java:77)
	at com.Pages.AddCustomFolder.clickOnAddedFolder(AddCustomFolder.java:108)
	at parallel.AddCustomFolderSteps.the_user_clicks_and_opens_the_folder(AddCustomFolderSteps.java:84)
	at ✽.the User clicks and opens the folder(file:///C:/Users/Ashok/eclipse-workspace/FamilyCentral_ProdCucumber/src/test/resources/parallel/AddCustomFolder.feature:19)
]]></failure>
    <system-out><![CDATA[
@feature @pdf
Scenario: Add a Custom Folder and Upload PDF Files of Small, Medium and Large init &amp#27;[90m# src/test/resources/parallel/AddCustomFolder.feature:10&amp#27;[0m

@Regression
Scenario: Account Menu Functionality of pwd change and Executor and Emergency contact &amp#27;[90m# src/test/resources/AllRunFeatures/AccountMenu.feature:5&amp#27;[0m
browser value is :firefox
browser value is :firefox
Login with: ashokmarch12@yopmail.com and Password@123
Login with: ashokmarch12@yopmail.com and Password@123
  &amp#27;[32mGiven &amp#27;[0m&amp#27;[32mUser is already logged in to application&amp#27;[0m                                   &amp#27;[90m# parallel.AccountsPageSteps.user_is_already_logged_in_to_application(io.cucumber.datatable.DataTable)&amp#27;[0m
    | username                 | password     |
    | ashokmarch12@yopmail.com | Password@123 |
Feature: File Management Feature
  &amp#27;[32mGiven &amp#27;[0m&amp#27;[32mUser is already logged in to application&amp#27;[0m                                      &amp#27;[90m# parallel.AccountsPageSteps.user_is_already_logged_in_to_application(io.cucumber.datatable.DataTable)&amp#27;[0m
    | username                 | password     |
    | ashokmarch12@yopmail.com | Password@123 |
  &amp#27;[32mWhen &amp#27;[0m&amp#27;[32muser clicks on the account memu&amp#27;[0m                                                &amp#27;[90m# parallel.AccountmenuSteps.user_clicks_on_the_account_memu()&amp#27;[0m
  &amp#27;[32mGiven &amp#27;[0m&amp#27;[32mthe User clicks on Family Access Files&amp#27;[0m                                     &amp#27;[90m# parallel.AddCustomFolderSteps.the_user_clicks_on_family_access_files()&amp#27;[0m
  &amp#27;[32mThen &amp#27;[0m&amp#27;[32muser clicks on the my accounts&amp#27;[0m                                                 &amp#27;[90m# parallel.AccountmenuSteps.user_clicks_on_the_my_accounts()&amp#27;[0m
  &amp#27;[32mWhen &amp#27;[0m&amp#27;[32mthe User clicks on Add Folder&amp#27;[0m                                               &amp#27;[90m# parallel.AddCustomFolderSteps.the_user_clicks_on_add_folder()&amp#27;[0m
  &amp#27;[32mAnd &amp#27;[0m&amp#27;[32mthe User enters the folder name into Folder name field&amp#27;[0m                       &amp#27;[90m# parallel.AddCustomFolderSteps.the_user_enters_the_folder_name_as_into()&amp#27;[0m
  &amp#27;[32mAnd &amp#27;[0m&amp#27;[32mthe User clicks on the Add button&amp#27;[0m                                            &amp#27;[90m# parallel.AddCustomFolderSteps.the_user_clicks_on_the_button()&amp#27;[0m
  &amp#27;[32mThen &amp#27;[0m&amp#27;[32muser clicks on the edit option&amp#27;[0m                                                 &amp#27;[90m# parallel.AccountmenuSteps.user_clicks_on_the_edit_option()&amp#27;[0m
  &amp#27;[32mThen &amp#27;[0m&amp#27;[32mthe User should see a success popup with the message &amp#27;[0m&amp#27;[32m&amp#27;[1m"added successfully"&amp#27;[0m   &amp#27;[90m# parallel.AddCustomFolderSteps.the_user_should_see_a_success_popup_with_the_message(java.lang.String)&amp#27;[0m
  &amp#27;[32mAnd &amp#27;[0m&amp#27;[32mthe User clicks on close user guide&amp#27;[0m                                          &amp#27;[90m# parallel.AddCustomFolderSteps.the_user_clicks_on_close_user_guide()&amp#27;[0m
>> Added Folder Name : [[FirefoxDriver: firefox on windows (5b9c9afa-cd2a-4db4-9af1-0e2e8293ca9d)] -> xpath: //p[@class='mb-0 file_length' and text()='t5QEZ386_Ashok']]
  &amp#27;[32mAnd &amp#27;[0m&amp#27;[32mthe User verifies the added custom folder&amp#27;[0m                                    &amp#27;[90m# parallel.AddCustomFolderSteps.the_user_verifies_the_added_custom_folder()&amp#27;[0m
  &amp#27;[31mAnd &amp#27;[0m&amp#27;[31mthe User clicks and opens the folder&amp#27;[0m                                         &amp#27;[90m# parallel.AddCustomFolderSteps.the_user_clicks_and_opens_the_folder()&amp#27;[0m
      &amp#27;[31morg.openqa.selenium.ElementNotInteractableException: Element <p class="mb-0 file_length"> could not be scrolled into view
Build info: version: '4.16.1', revision: '9b4c83354e'
System info: os.name: 'Windows 11', os.arch: 'amd64', os.version: '10.0', java.version: '21.0.1'
Driver info: org.openqa.selenium.firefox.FirefoxDriver
Command: [5b9c9afa-cd2a-4db4-9af1-0e2e8293ca9d, clickElement {id=983f8b1e-2034-4ce3-a1df-62810997e0e6}]
Capabilities {acceptInsecureCerts: true, browserName: firefox, browserVersion: 124.0.2, moz:accessibilityChecks: false, moz:buildID: 20240401114208, moz:debuggerAddress: 127.0.0.1:37638, moz:geckodriverVersion: 0.34.0, moz:headless: false, moz:platformVersion: 10.0, moz:processID: 3576, moz:profile: C:\Users\Ashok\AppData\Loca..., moz:shutdownTimeout: 60000, moz:webdriverClick: true, moz:windowless: false, pageLoadStrategy: normal, platformName: windows, proxy: Proxy(), se:cdp: ws://127.0.0.1:37638/devtoo..., se:cdpVersion: 85.0, setWindowRect: true, strictFileInteractability: false, timeouts: {implicit: 0, pageLoad: 300000, script: 30000}, unhandledPromptBehavior: dismiss and notify}
Element: [[FirefoxDriver: firefox on windows (5b9c9afa-cd2a-4db4-9af1-0e2e8293ca9d)] -> xpath: //p[@class='mb-0 file_length' and text()='t5QEZ386_Ashok']]
Session ID: 5b9c9afa-cd2a-4db4-9af1-0e2e8293ca9d
	at java.base/jdk.internal.reflect.DirectConstructorHandleAccessor.newInstance(DirectConstructorHandleAccessor.java:62)
	at java.base/java.lang.reflect.Constructor.newInstanceWithCaller(Constructor.java:502)
	at java.base/java.lang.reflect.Constructor.newInstance(Constructor.java:486)
	at org.openqa.selenium.remote.codec.w3c.W3CHttpResponseCodec.createException(W3CHttpResponseCodec.java:200)
	at org.openqa.selenium.remote.codec.w3c.W3CHttpResponseCodec.decode(W3CHttpResponseCodec.java:133)
	at org.openqa.selenium.remote.codec.w3c.W3CHttpResponseCodec.decode(W3CHttpResponseCodec.java:52)
	at org.openqa.selenium.remote.HttpCommandExecutor.execute(HttpCommandExecutor.java:191)
	at org.openqa.selenium.remote.service.DriverCommandExecutor.invokeExecute(DriverCommandExecutor.java:200)
	at org.openqa.selenium.remote.service.DriverCommandExecutor.execute(DriverCommandExecutor.java:175)
	at org.openqa.selenium.remote.RemoteWebDriver.execute(RemoteWebDriver.java:523)
	at org.openqa.selenium.remote.RemoteWebElement.execute(RemoteWebElement.java:224)
	at org.openqa.selenium.remote.RemoteWebElement.click(RemoteWebElement.java:77)
	at com.Pages.AddCustomFolder.clickOnAddedFolder(AddCustomFolder.java:108)
	at parallel.AddCustomFolderSteps.the_user_clicks_and_opens_the_folder(AddCustomFolderSteps.java:84)
	at ✽.the User clicks and opens the folder(file:///C:/Users/Ashok/eclipse-workspace/FamilyCentral_ProdCucumber/src/test/resources/parallel/AddCustomFolder.feature:19)
&amp#27;[0m
  &amp#27;[36mAnd &amp#27;[0m&amp#27;[36mUser uploads PDF file into the that specific folder&amp#27;[0m                          &amp#27;[90m# parallel.AddCustomFolderSteps.user_uploads_PDF_into_the_that_specific_folder()&amp#27;[0m

    Embedding _A_d_d_ _a_ _C_u_s_t_o_m_ _F_o_l_d_e_r_ _a_n_d_ _U_p_l_o_a_d_ _P_D_F_ _F_i_l_e_s_ _o_f_ _S_m_a_l_l_,_ _M_e_d_i_u_m_ _a_n_d_ _L_a_r_g_e_ _i_n_i_t_ [image/png 124533 bytes]

]]></system-out>
    <system-err><![CDATA[[TestNG-test=Surefire test-2] WARN org.testng.internal.Utils - The test method 'io.cucumber.testng.AbstractTestNGCucumberTests.runScenario' will be skipped since its data provider 'scenarios' returned an empty array or iterator. 
[TestNG-test=Surefire test-3] WARN org.testng.internal.Utils - The test method 'testRunners.MyTestRunner.runCucumberTest' will be skipped since its data provider 'scenarios' returned an empty array or iterator. 
]]></system-err>
  </testcase>
  <testcase name="runScenario[&quot;Add a Custom Folder and Upload DOCX Files of Small, Medium and Large init&quot;, &quot;File Management Feature&quot;](2)" classname="testRunners.FeatureRunner" time="18.048">
    <failure message="Expected condition failed: waiting for element to be clickable: By.xpath: //input[@id=&apos;login-email&apos;] (tried for 20 second(s) with 500 milliseconds interval)&#10;Build info: version: &apos;4.16.1&apos;, revision: &apos;9b4c83354e&apos;&#10;System info: os.name: &apos;Windows 11&apos;, os.arch: &apos;amd64&apos;, os.version: &apos;10.0&apos;, java.version: &apos;21.0.1&apos;&#10;Driver info: org.openqa.selenium.firefox.FirefoxDriver&#10;Capabilities {acceptInsecureCerts: true, browserName: firefox, browserVersion: 124.0.2, moz:accessibilityChecks: false, moz:buildID: 20240401114208, moz:debuggerAddress: 127.0.0.1:37638, moz:geckodriverVersion: 0.34.0, moz:headless: false, moz:platformVersion: 10.0, moz:processID: 3576, moz:profile: C:\Users\Ashok\AppData\Loca..., moz:shutdownTimeout: 60000, moz:webdriverClick: true, moz:windowless: false, pageLoadStrategy: normal, platformName: windows, proxy: Proxy(), se:cdp: ws://127.0.0.1:37638/devtoo..., se:cdpVersion: 85.0, setWindowRect: true, strictFileInteractability: false, timeouts: {implicit: 0, pageLoad: 300000, script: 30000}, unhandledPromptBehavior: dismiss and notify}&#10;Session ID: 5b9c9afa-cd2a-4db4-9af1-0e2e8293ca9d" type="org.openqa.selenium.TimeoutException"><![CDATA[org.openqa.selenium.TimeoutException: 
Expected condition failed: waiting for element to be clickable: By.xpath: //input[@id='login-email'] (tried for 20 second(s) with 500 milliseconds interval)
Build info: version: '4.16.1', revision: '9b4c83354e'
System info: os.name: 'Windows 11', os.arch: 'amd64', os.version: '10.0', java.version: '21.0.1'
Driver info: org.openqa.selenium.firefox.FirefoxDriver
Capabilities {acceptInsecureCerts: true, browserName: firefox, browserVersion: 124.0.2, moz:accessibilityChecks: false, moz:buildID: 20240401114208, moz:debuggerAddress: 127.0.0.1:37638, moz:geckodriverVersion: 0.34.0, moz:headless: false, moz:platformVersion: 10.0, moz:processID: 3576, moz:profile: C:\Users\Ashok\AppData\Loca..., moz:shutdownTimeout: 60000, moz:webdriverClick: true, moz:windowless: false, pageLoadStrategy: normal, platformName: windows, proxy: Proxy(), se:cdp: ws://127.0.0.1:37638/devtoo..., se:cdpVersion: 85.0, setWindowRect: true, strictFileInteractability: false, timeouts: {implicit: 0, pageLoad: 300000, script: 30000}, unhandledPromptBehavior: dismiss and notify}
Session ID: 5b9c9afa-cd2a-4db4-9af1-0e2e8293ca9d
	at org.openqa.selenium.support.ui.WebDriverWait.timeoutException(WebDriverWait.java:84)
	at org.openqa.selenium.support.ui.FluentWait.until(FluentWait.java:229)
	at com.qa.Utils.WebDriverWaits.waitForElementToBeClickable(WebDriverWaits.java:36)
	at com.Pages.LoginPage.doLogin(LoginPage.java:78)
	at parallel.AccountsPageSteps.user_is_already_logged_in_to_application(AccountsPageSteps.java:41)
	at ✽.User is already logged in to application(file:///C:/Users/Ashok/eclipse-workspace/FamilyCentral_ProdCucumber/src/test/resources/parallel/AddCustomFolder.feature:5)
]]></failure>
    <system-out><![CDATA[  &amp#27;[31mGiven &amp#27;[0m&amp#27;[31mUser is already logged in to application&amp#27;[0m                                    &amp#27;[90m# parallel.AccountsPageSteps.user_is_already_logged_in_to_application(io.cucumber.datatable.DataTable)&amp#27;[0m
    | username                 | password     |
    | ashokmarch12@yopmail.com | Password@123 |
      &amp#27;[31morg.openqa.selenium.TimeoutException: Expected condition failed: waiting for element to be clickable: By.xpath: //input[@id='login-email'] (tried for 20 second(s) with 500 milliseconds interval)
Build info: version: '4.16.1', revision: '9b4c83354e'
System info: os.name: 'Windows 11', os.arch: 'amd64', os.version: '10.0', java.version: '21.0.1'
Driver info: org.openqa.selenium.firefox.FirefoxDriver
Capabilities {acceptInsecureCerts: true, browserName: firefox, browserVersion: 124.0.2, moz:accessibilityChecks: false, moz:buildID: 20240401114208, moz:debuggerAddress: 127.0.0.1:37638, moz:geckodriverVersion: 0.34.0, moz:headless: false, moz:platformVersion: 10.0, moz:processID: 3576, moz:profile: C:\Users\Ashok\AppData\Loca..., moz:shutdownTimeout: 60000, moz:webdriverClick: true, moz:windowless: false, pageLoadStrategy: normal, platformName: windows, proxy: Proxy(), se:cdp: ws://127.0.0.1:37638/devtoo..., se:cdpVersion: 85.0, setWindowRect: true, strictFileInteractability: false, timeouts: {implicit: 0, pageLoad: 300000, script: 30000}, unhandledPromptBehavior: dismiss and notify}
Session ID: 5b9c9afa-cd2a-4db4-9af1-0e2e8293ca9d
	at org.openqa.selenium.support.ui.WebDriverWait.timeoutException(WebDriverWait.java:84)
	at org.openqa.selenium.support.ui.FluentWait.until(FluentWait.java:229)
	at com.qa.Utils.WebDriverWaits.waitForElementToBeClickable(WebDriverWaits.java:36)
	at com.Pages.LoginPage.doLogin(LoginPage.java:78)
	at parallel.AccountsPageSteps.user_is_already_logged_in_to_application(AccountsPageSteps.java:41)
	at ✽.User is already logged in to application(file:///C:/Users/Ashok/eclipse-workspace/FamilyCentral_ProdCucumber/src/test/resources/parallel/AddCustomFolder.feature:5)
&amp#27;[0m
  &amp#27;[36mGiven &amp#27;[0m&amp#27;[36mthe User clicks on Family Access Files&amp#27;[0m                                      &amp#27;[90m# parallel.AddCustomFolderSteps.the_user_clicks_on_family_access_files()&amp#27;[0m
  &amp#27;[36mWhen &amp#27;[0m&amp#27;[36mthe User clicks on Add Folder&amp#27;[0m                                                &amp#27;[90m# parallel.AddCustomFolderSteps.the_user_clicks_on_add_folder()&amp#27;[0m
  &amp#27;[36mAnd &amp#27;[0m&amp#27;[36mthe User enters the folder name into Folder name field&amp#27;[0m                        &amp#27;[90m# parallel.AddCustomFolderSteps.the_user_enters_the_folder_name_as_into()&amp#27;[0m
  &amp#27;[36mAnd &amp#27;[0m&amp#27;[36mthe User clicks on the Add button&amp#27;[0m                                             &amp#27;[90m# parallel.AddCustomFolderSteps.the_user_clicks_on_the_button()&amp#27;[0m
  &amp#27;[36mThen &amp#27;[0m&amp#27;[36mthe User should see a success popup with the message &amp#27;[0m&amp#27;[36m&amp#27;[1m"added successfully"&amp#27;[0m    &amp#27;[90m# parallel.AddCustomFolderSteps.the_user_should_see_a_success_popup_with_the_message(java.lang.String)&amp#27;[0m
  &amp#27;[36mAnd &amp#27;[0m&amp#27;[36mthe User clicks on close user guide&amp#27;[0m                                           &amp#27;[90m# parallel.AddCustomFolderSteps.the_user_clicks_on_close_user_guide()&amp#27;[0m
  &amp#27;[36mAnd &amp#27;[0m&amp#27;[36mthe User verifies the added custom folder&amp#27;[0m                                     &amp#27;[90m# parallel.AddCustomFolderSteps.the_user_verifies_the_added_custom_folder()&amp#27;[0m
  &amp#27;[36mAnd &amp#27;[0m&amp#27;[36mthe User clicks and opens the folder&amp#27;[0m                                          &amp#27;[90m# parallel.AddCustomFolderSteps.the_user_clicks_and_opens_the_folder()&amp#27;[0m
  &amp#27;[36mAnd &amp#27;[0m&amp#27;[36mUser uploads DOCX file into the that specific folder&amp#27;[0m                          &amp#27;[90m# parallel.AddCustomFolderSteps.user_uploads_DOCX_into_the_that_specific_folder()&amp#27;[0m

    Embedding _A_d_d_ _a_ _C_u_s_t_o_m_ _F_o_l_d_e_r_ _a_n_d_ _U_p_l_o_a_d_ _D_O_C_X_ _F_i_l_e_s_ _o_f_ _S_m_a_l_l_,_ _M_e_d_i_u_m_ _a_n_d_ _L_a_r_g_e_ _i_n_i_t_ [image/png 143938 bytes]

]]></system-out>
    <system-err><![CDATA[Apr 19, 2024 3:48:37 PM tech.grasshopper.pdf.PDFCucumberReport collectReportConfiguration
INFO: PDF report configuration YAML file not found. Using default settings.
&amp#27;[32m&amp#27;[1m┌──────────────────────────────────────────────────────────────────────────┐&amp#27;[0m
&amp#27;[32m&amp#27;[1m│&amp#27;[0m View your Cucumber Report at:                                            &amp#27;[32m&amp#27;[1m│&amp#27;[0m
&amp#27;[32m&amp#27;[1m│&amp#27;[0m &amp#27;[1m&amp#27;[36m&amp#27;[4mhttps://reports.cucumber.io/reports/3a98fea2-0082-4ffc-aed1-07534270267c&amp#27;[0m &amp#27;[32m&amp#27;[1m│&amp#27;[0m
&amp#27;[32m&amp#27;[1m│&amp#27;[0m                                                                          &amp#27;[32m&amp#27;[1m│&amp#27;[0m
&amp#27;[32m&amp#27;[1m│&amp#27;[0m &amp#27;[1mThis report will self-destruct in 24h.&amp#27;[0m                                   &amp#27;[32m&amp#27;[1m│&amp#27;[0m
&amp#27;[32m&amp#27;[1m│&amp#27;[0m Keep reports forever: &amp#27;[4m&amp#27;[1m&amp#27;[36mhttps://reports.cucumber.io/profile&amp#27;[0m                &amp#27;[32m&amp#27;[1m│&amp#27;[0m
&amp#27;[32m&amp#27;[1m└──────────────────────────────────────────────────────────────────────────┘&amp#27;[0m]]></system-err>
  </testcase>
  <testcase name="runScenario[&quot;Add a Custom Folder and Upload TXT Files of Small, Medium and Large init&quot;, &quot;File Management Feature&quot;](3)" classname="testRunners.FeatureRunner" time="24.067">
    <failure message="Expected condition failed: waiting for element to be clickable: By.xpath: //input[@id=&apos;login-email&apos;] (tried for 20 second(s) with 500 milliseconds interval)&#10;Build info: version: &apos;4.16.1&apos;, revision: &apos;9b4c83354e&apos;&#10;System info: os.name: &apos;Windows 11&apos;, os.arch: &apos;amd64&apos;, os.version: &apos;10.0&apos;, java.version: &apos;21.0.1&apos;&#10;Driver info: org.openqa.selenium.firefox.FirefoxDriver&#10;Capabilities {acceptInsecureCerts: true, browserName: firefox, browserVersion: 124.0.2, moz:accessibilityChecks: false, moz:buildID: 20240401114208, moz:debuggerAddress: 127.0.0.1:37638, moz:geckodriverVersion: 0.34.0, moz:headless: false, moz:platformVersion: 10.0, moz:processID: 3576, moz:profile: C:\Users\Ashok\AppData\Loca..., moz:shutdownTimeout: 60000, moz:webdriverClick: true, moz:windowless: false, pageLoadStrategy: normal, platformName: windows, proxy: Proxy(), se:cdp: ws://127.0.0.1:37638/devtoo..., se:cdpVersion: 85.0, setWindowRect: true, strictFileInteractability: false, timeouts: {implicit: 0, pageLoad: 300000, script: 30000}, unhandledPromptBehavior: dismiss and notify}&#10;Session ID: 5b9c9afa-cd2a-4db4-9af1-0e2e8293ca9d" type="org.openqa.selenium.TimeoutException"><![CDATA[org.openqa.selenium.TimeoutException: 
Expected condition failed: waiting for element to be clickable: By.xpath: //input[@id='login-email'] (tried for 20 second(s) with 500 milliseconds interval)
Build info: version: '4.16.1', revision: '9b4c83354e'
System info: os.name: 'Windows 11', os.arch: 'amd64', os.version: '10.0', java.version: '21.0.1'
Driver info: org.openqa.selenium.firefox.FirefoxDriver
Capabilities {acceptInsecureCerts: true, browserName: firefox, browserVersion: 124.0.2, moz:accessibilityChecks: false, moz:buildID: 20240401114208, moz:debuggerAddress: 127.0.0.1:37638, moz:geckodriverVersion: 0.34.0, moz:headless: false, moz:platformVersion: 10.0, moz:processID: 3576, moz:profile: C:\Users\Ashok\AppData\Loca..., moz:shutdownTimeout: 60000, moz:webdriverClick: true, moz:windowless: false, pageLoadStrategy: normal, platformName: windows, proxy: Proxy(), se:cdp: ws://127.0.0.1:37638/devtoo..., se:cdpVersion: 85.0, setWindowRect: true, strictFileInteractability: false, timeouts: {implicit: 0, pageLoad: 300000, script: 30000}, unhandledPromptBehavior: dismiss and notify}
Session ID: 5b9c9afa-cd2a-4db4-9af1-0e2e8293ca9d
	at org.openqa.selenium.support.ui.WebDriverWait.timeoutException(WebDriverWait.java:84)
	at org.openqa.selenium.support.ui.FluentWait.until(FluentWait.java:229)
	at com.qa.Utils.WebDriverWaits.waitForElementToBeClickable(WebDriverWaits.java:36)
	at com.Pages.LoginPage.doLogin(LoginPage.java:78)
	at parallel.AccountsPageSteps.user_is_already_logged_in_to_application(AccountsPageSteps.java:41)
	at ✽.User is already logged in to application(file:///C:/Users/Ashok/eclipse-workspace/FamilyCentral_ProdCucumber/src/test/resources/parallel/AddCustomFolder.feature:5)
]]></failure>
    <system-out><![CDATA[
@feature @txt
Scenario: Add a Custom Folder and Upload TXT Files of Small, Medium and Large init &amp#27;[90m# src/test/resources/parallel/AddCustomFolder.feature:36&amp#27;[0m
Login with: ashokmarch12@yopmail.com and Password@123
  &amp#27;[31mGiven &amp#27;[0m&amp#27;[31mUser is already logged in to application&amp#27;[0m                                   &amp#27;[90m# parallel.AccountsPageSteps.user_is_already_logged_in_to_application(io.cucumber.datatable.DataTable)&amp#27;[0m
    | username                 | password     |
    | ashokmarch12@yopmail.com | Password@123 |
      &amp#27;[31morg.openqa.selenium.TimeoutException: Expected condition failed: waiting for element to be clickable: By.xpath: //input[@id='login-email'] (tried for 20 second(s) with 500 milliseconds interval)
Build info: version: '4.16.1', revision: '9b4c83354e'
System info: os.name: 'Windows 11', os.arch: 'amd64', os.version: '10.0', java.version: '21.0.1'
Driver info: org.openqa.selenium.firefox.FirefoxDriver
Capabilities {acceptInsecureCerts: true, browserName: firefox, browserVersion: 124.0.2, moz:accessibilityChecks: false, moz:buildID: 20240401114208, moz:debuggerAddress: 127.0.0.1:37638, moz:geckodriverVersion: 0.34.0, moz:headless: false, moz:platformVersion: 10.0, moz:processID: 3576, moz:profile: C:\Users\Ashok\AppData\Loca..., moz:shutdownTimeout: 60000, moz:webdriverClick: true, moz:windowless: false, pageLoadStrategy: normal, platformName: windows, proxy: Proxy(), se:cdp: ws://127.0.0.1:37638/devtoo..., se:cdpVersion: 85.0, setWindowRect: true, strictFileInteractability: false, timeouts: {implicit: 0, pageLoad: 300000, script: 30000}, unhandledPromptBehavior: dismiss and notify}
Session ID: 5b9c9afa-cd2a-4db4-9af1-0e2e8293ca9d
	at org.openqa.selenium.support.ui.WebDriverWait.timeoutException(WebDriverWait.java:84)
	at org.openqa.selenium.support.ui.FluentWait.until(FluentWait.java:229)
	at com.qa.Utils.WebDriverWaits.waitForElementToBeClickable(WebDriverWaits.java:36)
	at com.Pages.LoginPage.doLogin(LoginPage.java:78)
	at parallel.AccountsPageSteps.user_is_already_logged_in_to_application(AccountsPageSteps.java:41)
	at ✽.User is already logged in to application(file:///C:/Users/Ashok/eclipse-workspace/FamilyCentral_ProdCucumber/src/test/resources/parallel/AddCustomFolder.feature:5)
&amp#27;[0m
  &amp#27;[36mGiven &amp#27;[0m&amp#27;[36mthe User clicks on Family Access Files&amp#27;[0m                                     &amp#27;[90m# parallel.AddCustomFolderSteps.the_user_clicks_on_family_access_files()&amp#27;[0m
  &amp#27;[36mWhen &amp#27;[0m&amp#27;[36mthe User clicks on Add Folder&amp#27;[0m                                               &amp#27;[90m# parallel.AddCustomFolderSteps.the_user_clicks_on_add_folder()&amp#27;[0m
  &amp#27;[36mAnd &amp#27;[0m&amp#27;[36mthe User enters the folder name into Folder name field&amp#27;[0m                       &amp#27;[90m# parallel.AddCustomFolderSteps.the_user_enters_the_folder_name_as_into()&amp#27;[0m
  &amp#27;[36mAnd &amp#27;[0m&amp#27;[36mthe User clicks on the Add button&amp#27;[0m                                            &amp#27;[90m# parallel.AddCustomFolderSteps.the_user_clicks_on_the_button()&amp#27;[0m
  &amp#27;[36mThen &amp#27;[0m&amp#27;[36mthe User should see a success popup with the message &amp#27;[0m&amp#27;[36m&amp#27;[1m"added successfully"&amp#27;[0m   &amp#27;[90m# parallel.AddCustomFolderSteps.the_user_should_see_a_success_popup_with_the_message(java.lang.String)&amp#27;[0m
  &amp#27;[36mAnd &amp#27;[0m&amp#27;[36mthe User clicks on close user guide&amp#27;[0m                                          &amp#27;[90m# parallel.AddCustomFolderSteps.the_user_clicks_on_close_user_guide()&amp#27;[0m
  &amp#27;[36mAnd &amp#27;[0m&amp#27;[36mthe User verifies the added custom folder&amp#27;[0m                                    &amp#27;[90m# parallel.AddCustomFolderSteps.the_user_verifies_the_added_custom_folder()&amp#27;[0m
  &amp#27;[36mAnd &amp#27;[0m&amp#27;[36mthe User clicks and opens the folder&amp#27;[0m                                         &amp#27;[90m# parallel.AddCustomFolderSteps.the_user_clicks_and_opens_the_folder()&amp#27;[0m
  &amp#27;[36mAnd &amp#27;[0m&amp#27;[36mUser uploads TXT file into the that specific folder&amp#27;[0m                          &amp#27;[90m# parallel.AddCustomFolderSteps.user_uploads_TXT_into_the_that_specific_folder()&amp#27;[0m

    Embedding _A_d_d_ _a_ _C_u_s_t_o_m_ _F_o_l_d_e_r_ _a_n_d_ _U_p_l_o_a_d_ _T_X_T_ _F_i_l_e_s_ _o_f_ _S_m_a_l_l_,_ _M_e_d_i_u_m_ _a_n_d_ _L_a_r_g_e_ _i_n_i_t_ [image/png 148274 bytes]

]]></system-out>
  </testcase>
  <testcase name="runScenario[&quot;Add a Custom Folder and Upload XLSX Files of Small, Medium and Large init&quot;, &quot;File Management Feature&quot;](4)" classname="testRunners.FeatureRunner" time="23.939">
    <failure message="Expected condition failed: waiting for element to be clickable: By.xpath: //input[@id=&apos;login-email&apos;] (tried for 20 second(s) with 500 milliseconds interval)&#10;Build info: version: &apos;4.16.1&apos;, revision: &apos;9b4c83354e&apos;&#10;System info: os.name: &apos;Windows 11&apos;, os.arch: &apos;amd64&apos;, os.version: &apos;10.0&apos;, java.version: &apos;21.0.1&apos;&#10;Driver info: org.openqa.selenium.firefox.FirefoxDriver&#10;Capabilities {acceptInsecureCerts: true, browserName: firefox, browserVersion: 124.0.2, moz:accessibilityChecks: false, moz:buildID: 20240401114208, moz:debuggerAddress: 127.0.0.1:37638, moz:geckodriverVersion: 0.34.0, moz:headless: false, moz:platformVersion: 10.0, moz:processID: 3576, moz:profile: C:\Users\Ashok\AppData\Loca..., moz:shutdownTimeout: 60000, moz:webdriverClick: true, moz:windowless: false, pageLoadStrategy: normal, platformName: windows, proxy: Proxy(), se:cdp: ws://127.0.0.1:37638/devtoo..., se:cdpVersion: 85.0, setWindowRect: true, strictFileInteractability: false, timeouts: {implicit: 0, pageLoad: 300000, script: 30000}, unhandledPromptBehavior: dismiss and notify}&#10;Session ID: 5b9c9afa-cd2a-4db4-9af1-0e2e8293ca9d" type="org.openqa.selenium.TimeoutException"><![CDATA[org.openqa.selenium.TimeoutException: 
Expected condition failed: waiting for element to be clickable: By.xpath: //input[@id='login-email'] (tried for 20 second(s) with 500 milliseconds interval)
Build info: version: '4.16.1', revision: '9b4c83354e'
System info: os.name: 'Windows 11', os.arch: 'amd64', os.version: '10.0', java.version: '21.0.1'
Driver info: org.openqa.selenium.firefox.FirefoxDriver
Capabilities {acceptInsecureCerts: true, browserName: firefox, browserVersion: 124.0.2, moz:accessibilityChecks: false, moz:buildID: 20240401114208, moz:debuggerAddress: 127.0.0.1:37638, moz:geckodriverVersion: 0.34.0, moz:headless: false, moz:platformVersion: 10.0, moz:processID: 3576, moz:profile: C:\Users\Ashok\AppData\Loca..., moz:shutdownTimeout: 60000, moz:webdriverClick: true, moz:windowless: false, pageLoadStrategy: normal, platformName: windows, proxy: Proxy(), se:cdp: ws://127.0.0.1:37638/devtoo..., se:cdpVersion: 85.0, setWindowRect: true, strictFileInteractability: false, timeouts: {implicit: 0, pageLoad: 300000, script: 30000}, unhandledPromptBehavior: dismiss and notify}
Session ID: 5b9c9afa-cd2a-4db4-9af1-0e2e8293ca9d
	at org.openqa.selenium.support.ui.WebDriverWait.timeoutException(WebDriverWait.java:84)
	at org.openqa.selenium.support.ui.FluentWait.until(FluentWait.java:229)
	at com.qa.Utils.WebDriverWaits.waitForElementToBeClickable(WebDriverWaits.java:36)
	at com.Pages.LoginPage.doLogin(LoginPage.java:78)
	at parallel.AccountsPageSteps.user_is_already_logged_in_to_application(AccountsPageSteps.java:41)
	at ✽.User is already logged in to application(file:///C:/Users/Ashok/eclipse-workspace/FamilyCentral_ProdCucumber/src/test/resources/parallel/AddCustomFolder.feature:5)
]]></failure>
    <system-out><![CDATA[
@feature @xlsx
Scenario: Add a Custom Folder and Upload XLSX Files of Small, Medium and Large init &amp#27;[90m# src/test/resources/parallel/AddCustomFolder.feature:49&amp#27;[0m
Login with: ashokmarch12@yopmail.com and Password@123
  &amp#27;[31mGiven &amp#27;[0m&amp#27;[31mUser is already logged in to application&amp#27;[0m                                    &amp#27;[90m# parallel.AccountsPageSteps.user_is_already_logged_in_to_application(io.cucumber.datatable.DataTable)&amp#27;[0m
    | username                 | password     |
    | ashokmarch12@yopmail.com | Password@123 |
      &amp#27;[31morg.openqa.selenium.TimeoutException: Expected condition failed: waiting for element to be clickable: By.xpath: //input[@id='login-email'] (tried for 20 second(s) with 500 milliseconds interval)
Build info: version: '4.16.1', revision: '9b4c83354e'
System info: os.name: 'Windows 11', os.arch: 'amd64', os.version: '10.0', java.version: '21.0.1'
Driver info: org.openqa.selenium.firefox.FirefoxDriver
Capabilities {acceptInsecureCerts: true, browserName: firefox, browserVersion: 124.0.2, moz:accessibilityChecks: false, moz:buildID: 20240401114208, moz:debuggerAddress: 127.0.0.1:37638, moz:geckodriverVersion: 0.34.0, moz:headless: false, moz:platformVersion: 10.0, moz:processID: 3576, moz:profile: C:\Users\Ashok\AppData\Loca..., moz:shutdownTimeout: 60000, moz:webdriverClick: true, moz:windowless: false, pageLoadStrategy: normal, platformName: windows, proxy: Proxy(), se:cdp: ws://127.0.0.1:37638/devtoo..., se:cdpVersion: 85.0, setWindowRect: true, strictFileInteractability: false, timeouts: {implicit: 0, pageLoad: 300000, script: 30000}, unhandledPromptBehavior: dismiss and notify}
Session ID: 5b9c9afa-cd2a-4db4-9af1-0e2e8293ca9d
	at org.openqa.selenium.support.ui.WebDriverWait.timeoutException(WebDriverWait.java:84)
	at org.openqa.selenium.support.ui.FluentWait.until(FluentWait.java:229)
	at com.qa.Utils.WebDriverWaits.waitForElementToBeClickable(WebDriverWaits.java:36)
	at com.Pages.LoginPage.doLogin(LoginPage.java:78)
	at parallel.AccountsPageSteps.user_is_already_logged_in_to_application(AccountsPageSteps.java:41)
	at ✽.User is already logged in to application(file:///C:/Users/Ashok/eclipse-workspace/FamilyCentral_ProdCucumber/src/test/resources/parallel/AddCustomFolder.feature:5)
&amp#27;[0m
  &amp#27;[36mGiven &amp#27;[0m&amp#27;[36mthe User clicks on Family Access Files&amp#27;[0m                                      &amp#27;[90m# parallel.AddCustomFolderSteps.the_user_clicks_on_family_access_files()&amp#27;[0m
  &amp#27;[36mWhen &amp#27;[0m&amp#27;[36mthe User clicks on Add Folder&amp#27;[0m                                                &amp#27;[90m# parallel.AddCustomFolderSteps.the_user_clicks_on_add_folder()&amp#27;[0m
  &amp#27;[36mAnd &amp#27;[0m&amp#27;[36mthe User enters the folder name into Folder name field&amp#27;[0m                        &amp#27;[90m# parallel.AddCustomFolderSteps.the_user_enters_the_folder_name_as_into()&amp#27;[0m
  &amp#27;[36mAnd &amp#27;[0m&amp#27;[36mthe User clicks on the Add button&amp#27;[0m                                             &amp#27;[90m# parallel.AddCustomFolderSteps.the_user_clicks_on_the_button()&amp#27;[0m
  &amp#27;[36mThen &amp#27;[0m&amp#27;[36mthe User should see a success popup with the message &amp#27;[0m&amp#27;[36m&amp#27;[1m"added successfully"&amp#27;[0m    &amp#27;[90m# parallel.AddCustomFolderSteps.the_user_should_see_a_success_popup_with_the_message(java.lang.String)&amp#27;[0m
  &amp#27;[36mAnd &amp#27;[0m&amp#27;[36mthe User clicks on close user guide&amp#27;[0m                                           &amp#27;[90m# parallel.AddCustomFolderSteps.the_user_clicks_on_close_user_guide()&amp#27;[0m
  &amp#27;[36mAnd &amp#27;[0m&amp#27;[36mthe User verifies the added custom folder&amp#27;[0m                                     &amp#27;[90m# parallel.AddCustomFolderSteps.the_user_verifies_the_added_custom_folder()&amp#27;[0m
  &amp#27;[36mAnd &amp#27;[0m&amp#27;[36mthe User clicks and opens the folder&amp#27;[0m                                          &amp#27;[90m# parallel.AddCustomFolderSteps.the_user_clicks_and_opens_the_folder()&amp#27;[0m
  &amp#27;[36mAnd &amp#27;[0m&amp#27;[36mUser uploads XLSX file into the that specific folder&amp#27;[0m                          &amp#27;[90m# parallel.AddCustomFolderSteps.user_uploads_XLSX_into_the_that_specific_folder()&amp#27;[0m

    Embedding _A_d_d_ _a_ _C_u_s_t_o_m_ _F_o_l_d_e_r_ _a_n_d_ _U_p_l_o_a_d_ _X_L_S_X_ _F_i_l_e_s_ _o_f_ _S_m_a_l_l_,_ _M_e_d_i_u_m_ _a_n_d_ _L_a_r_g_e_ _i_n_i_t_ [image/png 148274 bytes]

]]></system-out>
  </testcase>
  <testcase name="runScenario[&quot;Add a Custom Folder and Upload PNG Files of Small, Medium and Large init&quot;, &quot;File Management Feature&quot;](5)" classname="testRunners.FeatureRunner" time="82.044">
    <failure message="Expected condition failed: waiting for element to be clickable: By.xpath: //a[text()=&apos;Log In&apos;] (tried for 20 second(s) with 500 milliseconds interval)&#10;Build info: version: &apos;4.16.1&apos;, revision: &apos;9b4c83354e&apos;&#10;System info: os.name: &apos;Windows 11&apos;, os.arch: &apos;amd64&apos;, os.version: &apos;10.0&apos;, java.version: &apos;21.0.1&apos;&#10;Driver info: org.openqa.selenium.firefox.FirefoxDriver&#10;Capabilities {acceptInsecureCerts: true, browserName: firefox, browserVersion: 124.0.2, moz:accessibilityChecks: false, moz:buildID: 20240401114208, moz:debuggerAddress: 127.0.0.1:37638, moz:geckodriverVersion: 0.34.0, moz:headless: false, moz:platformVersion: 10.0, moz:processID: 3576, moz:profile: C:\Users\Ashok\AppData\Loca..., moz:shutdownTimeout: 60000, moz:webdriverClick: true, moz:windowless: false, pageLoadStrategy: normal, platformName: windows, proxy: Proxy(), se:cdp: ws://127.0.0.1:37638/devtoo..., se:cdpVersion: 85.0, setWindowRect: true, strictFileInteractability: false, timeouts: {implicit: 0, pageLoad: 300000, script: 30000}, unhandledPromptBehavior: dismiss and notify}&#10;Session ID: 5b9c9afa-cd2a-4db4-9af1-0e2e8293ca9d" type="org.openqa.selenium.TimeoutException"><![CDATA[org.openqa.selenium.TimeoutException: 
Expected condition failed: waiting for element to be clickable: By.xpath: //a[text()='Log In'] (tried for 20 second(s) with 500 milliseconds interval)
Build info: version: '4.16.1', revision: '9b4c83354e'
System info: os.name: 'Windows 11', os.arch: 'amd64', os.version: '10.0', java.version: '21.0.1'
Driver info: org.openqa.selenium.firefox.FirefoxDriver
Capabilities {acceptInsecureCerts: true, browserName: firefox, browserVersion: 124.0.2, moz:accessibilityChecks: false, moz:buildID: 20240401114208, moz:debuggerAddress: 127.0.0.1:37638, moz:geckodriverVersion: 0.34.0, moz:headless: false, moz:platformVersion: 10.0, moz:processID: 3576, moz:profile: C:\Users\Ashok\AppData\Loca..., moz:shutdownTimeout: 60000, moz:webdriverClick: true, moz:windowless: false, pageLoadStrategy: normal, platformName: windows, proxy: Proxy(), se:cdp: ws://127.0.0.1:37638/devtoo..., se:cdpVersion: 85.0, setWindowRect: true, strictFileInteractability: false, timeouts: {implicit: 0, pageLoad: 300000, script: 30000}, unhandledPromptBehavior: dismiss and notify}
Session ID: 5b9c9afa-cd2a-4db4-9af1-0e2e8293ca9d
	at org.openqa.selenium.support.ui.WebDriverWait.timeoutException(WebDriverWait.java:84)
	at org.openqa.selenium.support.ui.FluentWait.until(FluentWait.java:229)
	at com.qa.Utils.WebDriverWaits.waitForElementToBeClickable(WebDriverWaits.java:36)
	at com.Pages.LoginPage.doLogin(LoginPage.java:76)
	at parallel.AccountsPageSteps.user_is_already_logged_in_to_application(AccountsPageSteps.java:41)
	at ✽.User is already logged in to application(file:///C:/Users/Ashok/eclipse-workspace/FamilyCentral_ProdCucumber/src/test/resources/parallel/AddCustomFolder.feature:5)
]]></failure>
    <system-out><![CDATA[
@feature @png
Scenario: Add a Custom Folder and Upload PNG Files of Small, Medium and Large init &amp#27;[90m# src/test/resources/parallel/AddCustomFolder.feature:62&amp#27;[0m
Login with: ashokmarch12@yopmail.com and Password@123
  &amp#27;[31mGiven &amp#27;[0m&amp#27;[31mUser is already logged in to application&amp#27;[0m                                   &amp#27;[90m# parallel.AccountsPageSteps.user_is_already_logged_in_to_application(io.cucumber.datatable.DataTable)&amp#27;[0m
    | username                 | password     |
    | ashokmarch12@yopmail.com | Password@123 |
      &amp#27;[31morg.openqa.selenium.TimeoutException: Expected condition failed: waiting for element to be clickable: By.xpath: //a[text()='Log In'] (tried for 20 second(s) with 500 milliseconds interval)
Build info: version: '4.16.1', revision: '9b4c83354e'
System info: os.name: 'Windows 11', os.arch: 'amd64', os.version: '10.0', java.version: '21.0.1'
Driver info: org.openqa.selenium.firefox.FirefoxDriver
Capabilities {acceptInsecureCerts: true, browserName: firefox, browserVersion: 124.0.2, moz:accessibilityChecks: false, moz:buildID: 20240401114208, moz:debuggerAddress: 127.0.0.1:37638, moz:geckodriverVersion: 0.34.0, moz:headless: false, moz:platformVersion: 10.0, moz:processID: 3576, moz:profile: C:\Users\Ashok\AppData\Loca..., moz:shutdownTimeout: 60000, moz:webdriverClick: true, moz:windowless: false, pageLoadStrategy: normal, platformName: windows, proxy: Proxy(), se:cdp: ws://127.0.0.1:37638/devtoo..., se:cdpVersion: 85.0, setWindowRect: true, strictFileInteractability: false, timeouts: {implicit: 0, pageLoad: 300000, script: 30000}, unhandledPromptBehavior: dismiss and notify}
Session ID: 5b9c9afa-cd2a-4db4-9af1-0e2e8293ca9d
	at org.openqa.selenium.support.ui.WebDriverWait.timeoutException(WebDriverWait.java:84)
	at org.openqa.selenium.support.ui.FluentWait.until(FluentWait.java:229)
	at com.qa.Utils.WebDriverWaits.waitForElementToBeClickable(WebDriverWaits.java:36)
	at com.Pages.LoginPage.doLogin(LoginPage.java:76)
	at parallel.AccountsPageSteps.user_is_already_logged_in_to_application(AccountsPageSteps.java:41)
	at ✽.User is already logged in to application(file:///C:/Users/Ashok/eclipse-workspace/FamilyCentral_ProdCucumber/src/test/resources/parallel/AddCustomFolder.feature:5)
&amp#27;[0m
  &amp#27;[36mGiven &amp#27;[0m&amp#27;[36mthe User clicks on Family Access Files&amp#27;[0m                                     &amp#27;[90m# parallel.AddCustomFolderSteps.the_user_clicks_on_family_access_files()&amp#27;[0m
  &amp#27;[36mWhen &amp#27;[0m&amp#27;[36mthe User clicks on Add Folder&amp#27;[0m                                               &amp#27;[90m# parallel.AddCustomFolderSteps.the_user_clicks_on_add_folder()&amp#27;[0m
  &amp#27;[36mAnd &amp#27;[0m&amp#27;[36mthe User enters the folder name into Folder name field&amp#27;[0m                       &amp#27;[90m# parallel.AddCustomFolderSteps.the_user_enters_the_folder_name_as_into()&amp#27;[0m
  &amp#27;[36mAnd &amp#27;[0m&amp#27;[36mthe User clicks on the Add button&amp#27;[0m                                            &amp#27;[90m# parallel.AddCustomFolderSteps.the_user_clicks_on_the_button()&amp#27;[0m
  &amp#27;[36mThen &amp#27;[0m&amp#27;[36mthe User should see a success popup with the message &amp#27;[0m&amp#27;[36m&amp#27;[1m"added successfully"&amp#27;[0m   &amp#27;[90m# parallel.AddCustomFolderSteps.the_user_should_see_a_success_popup_with_the_message(java.lang.String)&amp#27;[0m
  &amp#27;[36mAnd &amp#27;[0m&amp#27;[36mthe User clicks on close user guide&amp#27;[0m                                          &amp#27;[90m# parallel.AddCustomFolderSteps.the_user_clicks_on_close_user_guide()&amp#27;[0m
  &amp#27;[36mAnd &amp#27;[0m&amp#27;[36mthe User verifies the added custom folder&amp#27;[0m                                    &amp#27;[90m# parallel.AddCustomFolderSteps.the_user_verifies_the_added_custom_folder()&amp#27;[0m
  &amp#27;[36mAnd &amp#27;[0m&amp#27;[36mthe User clicks and opens the folder&amp#27;[0m                                         &amp#27;[90m# parallel.AddCustomFolderSteps.the_user_clicks_and_opens_the_folder()&amp#27;[0m
  &amp#27;[36mAnd &amp#27;[0m&amp#27;[36mUser uploads PNG file into the that specific folder&amp#27;[0m                          &amp#27;[90m# parallel.AddCustomFolderSteps.user_uploads_PNG_into_the_that_specific_folder()&amp#27;[0m

    Embedding _A_d_d_ _a_ _C_u_s_t_o_m_ _F_o_l_d_e_r_ _a_n_d_ _U_p_l_o_a_d_ _P_N_G_ _F_i_l_e_s_ _o_f_ _S_m_a_l_l_,_ _M_e_d_i_u_m_ _a_n_d_ _L_a_r_g_e_ _i_n_i_t_ [image/png 163359 bytes]

]]></system-out>
  </testcase>
  <testcase name="runScenario[&quot;Add a Custom Folder and Upload JPG Files of Small, Medium and Large init&quot;, &quot;File Management Feature&quot;](6)" classname="testRunners.FeatureRunner" time="25.56">
    <failure message="Expected condition failed: waiting for element to be clickable: By.xpath: //input[@id=&apos;login-email&apos;] (tried for 20 second(s) with 500 milliseconds interval)&#10;Build info: version: &apos;4.16.1&apos;, revision: &apos;9b4c83354e&apos;&#10;System info: os.name: &apos;Windows 11&apos;, os.arch: &apos;amd64&apos;, os.version: &apos;10.0&apos;, java.version: &apos;21.0.1&apos;&#10;Driver info: org.openqa.selenium.firefox.FirefoxDriver&#10;Capabilities {acceptInsecureCerts: true, browserName: firefox, browserVersion: 124.0.2, moz:accessibilityChecks: false, moz:buildID: 20240401114208, moz:debuggerAddress: 127.0.0.1:37638, moz:geckodriverVersion: 0.34.0, moz:headless: false, moz:platformVersion: 10.0, moz:processID: 3576, moz:profile: C:\Users\Ashok\AppData\Loca..., moz:shutdownTimeout: 60000, moz:webdriverClick: true, moz:windowless: false, pageLoadStrategy: normal, platformName: windows, proxy: Proxy(), se:cdp: ws://127.0.0.1:37638/devtoo..., se:cdpVersion: 85.0, setWindowRect: true, strictFileInteractability: false, timeouts: {implicit: 0, pageLoad: 300000, script: 30000}, unhandledPromptBehavior: dismiss and notify}&#10;Session ID: 5b9c9afa-cd2a-4db4-9af1-0e2e8293ca9d" type="org.openqa.selenium.TimeoutException"><![CDATA[org.openqa.selenium.TimeoutException: 
Expected condition failed: waiting for element to be clickable: By.xpath: //input[@id='login-email'] (tried for 20 second(s) with 500 milliseconds interval)
Build info: version: '4.16.1', revision: '9b4c83354e'
System info: os.name: 'Windows 11', os.arch: 'amd64', os.version: '10.0', java.version: '21.0.1'
Driver info: org.openqa.selenium.firefox.FirefoxDriver
Capabilities {acceptInsecureCerts: true, browserName: firefox, browserVersion: 124.0.2, moz:accessibilityChecks: false, moz:buildID: 20240401114208, moz:debuggerAddress: 127.0.0.1:37638, moz:geckodriverVersion: 0.34.0, moz:headless: false, moz:platformVersion: 10.0, moz:processID: 3576, moz:profile: C:\Users\Ashok\AppData\Loca..., moz:shutdownTimeout: 60000, moz:webdriverClick: true, moz:windowless: false, pageLoadStrategy: normal, platformName: windows, proxy: Proxy(), se:cdp: ws://127.0.0.1:37638/devtoo..., se:cdpVersion: 85.0, setWindowRect: true, strictFileInteractability: false, timeouts: {implicit: 0, pageLoad: 300000, script: 30000}, unhandledPromptBehavior: dismiss and notify}
Session ID: 5b9c9afa-cd2a-4db4-9af1-0e2e8293ca9d
	at org.openqa.selenium.support.ui.WebDriverWait.timeoutException(WebDriverWait.java:84)
	at org.openqa.selenium.support.ui.FluentWait.until(FluentWait.java:229)
	at com.qa.Utils.WebDriverWaits.waitForElementToBeClickable(WebDriverWaits.java:36)
	at com.Pages.LoginPage.doLogin(LoginPage.java:78)
	at parallel.AccountsPageSteps.user_is_already_logged_in_to_application(AccountsPageSteps.java:41)
	at ✽.User is already logged in to application(file:///C:/Users/Ashok/eclipse-workspace/FamilyCentral_ProdCucumber/src/test/resources/parallel/AddCustomFolder.feature:5)
]]></failure>
    <system-out><![CDATA[
@feature @jpg
Scenario: Add a Custom Folder and Upload JPG Files of Small, Medium and Large init &amp#27;[90m# src/test/resources/parallel/AddCustomFolder.feature:75&amp#27;[0m
Login with: ashokmarch12@yopmail.com and Password@123
  &amp#27;[31mGiven &amp#27;[0m&amp#27;[31mUser is already logged in to application&amp#27;[0m                                   &amp#27;[90m# parallel.AccountsPageSteps.user_is_already_logged_in_to_application(io.cucumber.datatable.DataTable)&amp#27;[0m
    | username                 | password     |
    | ashokmarch12@yopmail.com | Password@123 |
      &amp#27;[31morg.openqa.selenium.TimeoutException: Expected condition failed: waiting for element to be clickable: By.xpath: //input[@id='login-email'] (tried for 20 second(s) with 500 milliseconds interval)
Build info: version: '4.16.1', revision: '9b4c83354e'
System info: os.name: 'Windows 11', os.arch: 'amd64', os.version: '10.0', java.version: '21.0.1'
Driver info: org.openqa.selenium.firefox.FirefoxDriver
Capabilities {acceptInsecureCerts: true, browserName: firefox, browserVersion: 124.0.2, moz:accessibilityChecks: false, moz:buildID: 20240401114208, moz:debuggerAddress: 127.0.0.1:37638, moz:geckodriverVersion: 0.34.0, moz:headless: false, moz:platformVersion: 10.0, moz:processID: 3576, moz:profile: C:\Users\Ashok\AppData\Loca..., moz:shutdownTimeout: 60000, moz:webdriverClick: true, moz:windowless: false, pageLoadStrategy: normal, platformName: windows, proxy: Proxy(), se:cdp: ws://127.0.0.1:37638/devtoo..., se:cdpVersion: 85.0, setWindowRect: true, strictFileInteractability: false, timeouts: {implicit: 0, pageLoad: 300000, script: 30000}, unhandledPromptBehavior: dismiss and notify}
Session ID: 5b9c9afa-cd2a-4db4-9af1-0e2e8293ca9d
	at org.openqa.selenium.support.ui.WebDriverWait.timeoutException(WebDriverWait.java:84)
	at org.openqa.selenium.support.ui.FluentWait.until(FluentWait.java:229)
	at com.qa.Utils.WebDriverWaits.waitForElementToBeClickable(WebDriverWaits.java:36)
	at com.Pages.LoginPage.doLogin(LoginPage.java:78)
	at parallel.AccountsPageSteps.user_is_already_logged_in_to_application(AccountsPageSteps.java:41)
	at ✽.User is already logged in to application(file:///C:/Users/Ashok/eclipse-workspace/FamilyCentral_ProdCucumber/src/test/resources/parallel/AddCustomFolder.feature:5)
&amp#27;[0m
  &amp#27;[36mGiven &amp#27;[0m&amp#27;[36mthe User clicks on Family Access Files&amp#27;[0m                                     &amp#27;[90m# parallel.AddCustomFolderSteps.the_user_clicks_on_family_access_files()&amp#27;[0m
  &amp#27;[36mWhen &amp#27;[0m&amp#27;[36mthe User clicks on Add Folder&amp#27;[0m                                               &amp#27;[90m# parallel.AddCustomFolderSteps.the_user_clicks_on_add_folder()&amp#27;[0m
  &amp#27;[36mAnd &amp#27;[0m&amp#27;[36mthe User enters the folder name into Folder name field&amp#27;[0m                       &amp#27;[90m# parallel.AddCustomFolderSteps.the_user_enters_the_folder_name_as_into()&amp#27;[0m
  &amp#27;[36mAnd &amp#27;[0m&amp#27;[36mthe User clicks on the Add button&amp#27;[0m                                            &amp#27;[90m# parallel.AddCustomFolderSteps.the_user_clicks_on_the_button()&amp#27;[0m
  &amp#27;[36mThen &amp#27;[0m&amp#27;[36mthe User should see a success popup with the message &amp#27;[0m&amp#27;[36m&amp#27;[1m"added successfully"&amp#27;[0m   &amp#27;[90m# parallel.AddCustomFolderSteps.the_user_should_see_a_success_popup_with_the_message(java.lang.String)&amp#27;[0m
  &amp#27;[36mAnd &amp#27;[0m&amp#27;[36mthe User clicks on close user guide&amp#27;[0m                                          &amp#27;[90m# parallel.AddCustomFolderSteps.the_user_clicks_on_close_user_guide()&amp#27;[0m
  &amp#27;[36mAnd &amp#27;[0m&amp#27;[36mthe User verifies the added custom folder&amp#27;[0m                                    &amp#27;[90m# parallel.AddCustomFolderSteps.the_user_verifies_the_added_custom_folder()&amp#27;[0m
  &amp#27;[36mAnd &amp#27;[0m&amp#27;[36mthe User clicks and opens the folder&amp#27;[0m                                         &amp#27;[90m# parallel.AddCustomFolderSteps.the_user_clicks_and_opens_the_folder()&amp#27;[0m
  &amp#27;[36mAnd &amp#27;[0m&amp#27;[36mUser uploads JPG file into the that specific folder&amp#27;[0m                          &amp#27;[90m# parallel.AddCustomFolderSteps.user_uploads_JPG_into_the_that_specific_folder()&amp#27;[0m

    Embedding _A_d_d_ _a_ _C_u_s_t_o_m_ _F_o_l_d_e_r_ _a_n_d_ _U_p_l_o_a_d_ _J_P_G_ _F_i_l_e_s_ _o_f_ _S_m_a_l_l_,_ _M_e_d_i_u_m_ _a_n_d_ _L_a_r_g_e_ _i_n_i_t_ [image/png 163359 bytes]

]]></system-out>
  </testcase>
  <testcase name="runScenario[&quot;Add a Custom Folder and Upload MP4 Files of Small, Medium and Large init&quot;, &quot;File Management Feature&quot;](7)" classname="testRunners.FeatureRunner" time="24.609">
    <failure message="Expected condition failed: waiting for element to be clickable: By.xpath: //input[@id=&apos;login-email&apos;] (tried for 20 second(s) with 500 milliseconds interval)&#10;Build info: version: &apos;4.16.1&apos;, revision: &apos;9b4c83354e&apos;&#10;System info: os.name: &apos;Windows 11&apos;, os.arch: &apos;amd64&apos;, os.version: &apos;10.0&apos;, java.version: &apos;21.0.1&apos;&#10;Driver info: org.openqa.selenium.firefox.FirefoxDriver&#10;Capabilities {acceptInsecureCerts: true, browserName: firefox, browserVersion: 124.0.2, moz:accessibilityChecks: false, moz:buildID: 20240401114208, moz:debuggerAddress: 127.0.0.1:37638, moz:geckodriverVersion: 0.34.0, moz:headless: false, moz:platformVersion: 10.0, moz:processID: 3576, moz:profile: C:\Users\Ashok\AppData\Loca..., moz:shutdownTimeout: 60000, moz:webdriverClick: true, moz:windowless: false, pageLoadStrategy: normal, platformName: windows, proxy: Proxy(), se:cdp: ws://127.0.0.1:37638/devtoo..., se:cdpVersion: 85.0, setWindowRect: true, strictFileInteractability: false, timeouts: {implicit: 0, pageLoad: 300000, script: 30000}, unhandledPromptBehavior: dismiss and notify}&#10;Session ID: 5b9c9afa-cd2a-4db4-9af1-0e2e8293ca9d" type="org.openqa.selenium.TimeoutException"><![CDATA[org.openqa.selenium.TimeoutException: 
Expected condition failed: waiting for element to be clickable: By.xpath: //input[@id='login-email'] (tried for 20 second(s) with 500 milliseconds interval)
Build info: version: '4.16.1', revision: '9b4c83354e'
System info: os.name: 'Windows 11', os.arch: 'amd64', os.version: '10.0', java.version: '21.0.1'
Driver info: org.openqa.selenium.firefox.FirefoxDriver
Capabilities {acceptInsecureCerts: true, browserName: firefox, browserVersion: 124.0.2, moz:accessibilityChecks: false, moz:buildID: 20240401114208, moz:debuggerAddress: 127.0.0.1:37638, moz:geckodriverVersion: 0.34.0, moz:headless: false, moz:platformVersion: 10.0, moz:processID: 3576, moz:profile: C:\Users\Ashok\AppData\Loca..., moz:shutdownTimeout: 60000, moz:webdriverClick: true, moz:windowless: false, pageLoadStrategy: normal, platformName: windows, proxy: Proxy(), se:cdp: ws://127.0.0.1:37638/devtoo..., se:cdpVersion: 85.0, setWindowRect: true, strictFileInteractability: false, timeouts: {implicit: 0, pageLoad: 300000, script: 30000}, unhandledPromptBehavior: dismiss and notify}
Session ID: 5b9c9afa-cd2a-4db4-9af1-0e2e8293ca9d
	at org.openqa.selenium.support.ui.WebDriverWait.timeoutException(WebDriverWait.java:84)
	at org.openqa.selenium.support.ui.FluentWait.until(FluentWait.java:229)
	at com.qa.Utils.WebDriverWaits.waitForElementToBeClickable(WebDriverWaits.java:36)
	at com.Pages.LoginPage.doLogin(LoginPage.java:78)
	at parallel.AccountsPageSteps.user_is_already_logged_in_to_application(AccountsPageSteps.java:41)
	at ✽.User is already logged in to application(file:///C:/Users/Ashok/eclipse-workspace/FamilyCentral_ProdCucumber/src/test/resources/parallel/AddCustomFolder.feature:5)
]]></failure>
    <system-out><![CDATA[
@feature @mp4
Scenario: Add a Custom Folder and Upload MP4 Files of Small, Medium and Large init &amp#27;[90m# src/test/resources/parallel/AddCustomFolder.feature:88&amp#27;[0m
Login with: ashokmarch12@yopmail.com and Password@123
  &amp#27;[31mGiven &amp#27;[0m&amp#27;[31mUser is already logged in to application&amp#27;[0m                                   &amp#27;[90m# parallel.AccountsPageSteps.user_is_already_logged_in_to_application(io.cucumber.datatable.DataTable)&amp#27;[0m
    | username                 | password     |
    | ashokmarch12@yopmail.com | Password@123 |
      &amp#27;[31morg.openqa.selenium.TimeoutException: Expected condition failed: waiting for element to be clickable: By.xpath: //input[@id='login-email'] (tried for 20 second(s) with 500 milliseconds interval)
Build info: version: '4.16.1', revision: '9b4c83354e'
System info: os.name: 'Windows 11', os.arch: 'amd64', os.version: '10.0', java.version: '21.0.1'
Driver info: org.openqa.selenium.firefox.FirefoxDriver
Capabilities {acceptInsecureCerts: true, browserName: firefox, browserVersion: 124.0.2, moz:accessibilityChecks: false, moz:buildID: 20240401114208, moz:debuggerAddress: 127.0.0.1:37638, moz:geckodriverVersion: 0.34.0, moz:headless: false, moz:platformVersion: 10.0, moz:processID: 3576, moz:profile: C:\Users\Ashok\AppData\Loca..., moz:shutdownTimeout: 60000, moz:webdriverClick: true, moz:windowless: false, pageLoadStrategy: normal, platformName: windows, proxy: Proxy(), se:cdp: ws://127.0.0.1:37638/devtoo..., se:cdpVersion: 85.0, setWindowRect: true, strictFileInteractability: false, timeouts: {implicit: 0, pageLoad: 300000, script: 30000}, unhandledPromptBehavior: dismiss and notify}
Session ID: 5b9c9afa-cd2a-4db4-9af1-0e2e8293ca9d
	at org.openqa.selenium.support.ui.WebDriverWait.timeoutException(WebDriverWait.java:84)
	at org.openqa.selenium.support.ui.FluentWait.until(FluentWait.java:229)
	at com.qa.Utils.WebDriverWaits.waitForElementToBeClickable(WebDriverWaits.java:36)
	at com.Pages.LoginPage.doLogin(LoginPage.java:78)
	at parallel.AccountsPageSteps.user_is_already_logged_in_to_application(AccountsPageSteps.java:41)
	at ✽.User is already logged in to application(file:///C:/Users/Ashok/eclipse-workspace/FamilyCentral_ProdCucumber/src/test/resources/parallel/AddCustomFolder.feature:5)
&amp#27;[0m
  &amp#27;[36mGiven &amp#27;[0m&amp#27;[36mthe User clicks on Family Access Files&amp#27;[0m                                     &amp#27;[90m# parallel.AddCustomFolderSteps.the_user_clicks_on_family_access_files()&amp#27;[0m
  &amp#27;[36mWhen &amp#27;[0m&amp#27;[36mthe User clicks on Add Folder&amp#27;[0m                                               &amp#27;[90m# parallel.AddCustomFolderSteps.the_user_clicks_on_add_folder()&amp#27;[0m
  &amp#27;[36mAnd &amp#27;[0m&amp#27;[36mthe User enters the folder name into Folder name field&amp#27;[0m                       &amp#27;[90m# parallel.AddCustomFolderSteps.the_user_enters_the_folder_name_as_into()&amp#27;[0m
  &amp#27;[36mAnd &amp#27;[0m&amp#27;[36mthe User clicks on the Add button&amp#27;[0m                                            &amp#27;[90m# parallel.AddCustomFolderSteps.the_user_clicks_on_the_button()&amp#27;[0m
  &amp#27;[36mThen &amp#27;[0m&amp#27;[36mthe User should see a success popup with the message &amp#27;[0m&amp#27;[36m&amp#27;[1m"added successfully"&amp#27;[0m   &amp#27;[90m# parallel.AddCustomFolderSteps.the_user_should_see_a_success_popup_with_the_message(java.lang.String)&amp#27;[0m
  &amp#27;[36mAnd &amp#27;[0m&amp#27;[36mthe User clicks on close user guide&amp#27;[0m                                          &amp#27;[90m# parallel.AddCustomFolderSteps.the_user_clicks_on_close_user_guide()&amp#27;[0m
  &amp#27;[36mAnd &amp#27;[0m&amp#27;[36mthe User verifies the added custom folder&amp#27;[0m                                    &amp#27;[90m# parallel.AddCustomFolderSteps.the_user_verifies_the_added_custom_folder()&amp#27;[0m
  &amp#27;[36mAnd &amp#27;[0m&amp#27;[36mthe User clicks and opens the folder&amp#27;[0m                                         &amp#27;[90m# parallel.AddCustomFolderSteps.the_user_clicks_and_opens_the_folder()&amp#27;[0m
  &amp#27;[36mAnd &amp#27;[0m&amp#27;[36mUser uploads MP4 file into the that specific folder&amp#27;[0m                          &amp#27;[90m# parallel.AddCustomFolderSteps.user_uploads_MP4_into_the_that_specific_folder()&amp#27;[0m

    Embedding _A_d_d_ _a_ _C_u_s_t_o_m_ _F_o_l_d_e_r_ _a_n_d_ _U_p_l_o_a_d_ _M_P_4_ _F_i_l_e_s_ _o_f_ _S_m_a_l_l_,_ _M_e_d_i_u_m_ _a_n_d_ _L_a_r_g_e_ _i_n_i_t_ [image/png 163359 bytes]

]]></system-out>
  </testcase>
  <testcase name="runScenario[&quot;Account Menu Functionality of pwd change and Executor and Emergency contact&quot;, &quot;Account Menu Functionality&quot;](1)" classname="testRunners.ParallelRunTest" time="5.582">
    <failure message="Element &lt;a class=&quot;nav-link&quot; href=&quot;#passwordSecurity&quot;&gt; could not be scrolled into view&#10;Build info: version: &apos;4.16.1&apos;, revision: &apos;9b4c83354e&apos;&#10;System info: os.name: &apos;Windows 11&apos;, os.arch: &apos;amd64&apos;, os.version: &apos;10.0&apos;, java.version: &apos;21.0.1&apos;&#10;Driver info: org.openqa.selenium.firefox.FirefoxDriver&#10;Command: [75b6679e-071a-4c39-81c9-bdc6b330a656, clickElement {id=40d13421-8024-4796-bed7-4b72c8991272}]&#10;Capabilities {acceptInsecureCerts: true, browserName: firefox, browserVersion: 124.0.2, moz:accessibilityChecks: false, moz:buildID: 20240401114208, moz:debuggerAddress: 127.0.0.1:20854, moz:geckodriverVersion: 0.34.0, moz:headless: false, moz:platformVersion: 10.0, moz:processID: 18140, moz:profile: C:\Users\Ashok\AppData\Loca..., moz:shutdownTimeout: 60000, moz:webdriverClick: true, moz:windowless: false, pageLoadStrategy: normal, platformName: windows, proxy: Proxy(), se:cdp: ws://127.0.0.1:20854/devtoo..., se:cdpVersion: 85.0, setWindowRect: true, strictFileInteractability: false, timeouts: {implicit: 0, pageLoad: 300000, script: 30000}, unhandledPromptBehavior: dismiss and notify}&#10;Element: [[FirefoxDriver: firefox on windows (75b6679e-071a-4c39-81c9-bdc6b330a656)] -&gt; xpath: //a[contains(text(),&apos;Password &amp; Security&apos;)]]&#10;Session ID: 75b6679e-071a-4c39-81c9-bdc6b330a656" type="org.openqa.selenium.ElementNotInteractableException"><![CDATA[org.openqa.selenium.ElementNotInteractableException: 
Element <a class="nav-link" href="#passwordSecurity"> could not be scrolled into view
Build info: version: '4.16.1', revision: '9b4c83354e'
System info: os.name: 'Windows 11', os.arch: 'amd64', os.version: '10.0', java.version: '21.0.1'
Driver info: org.openqa.selenium.firefox.FirefoxDriver
Command: [75b6679e-071a-4c39-81c9-bdc6b330a656, clickElement {id=40d13421-8024-4796-bed7-4b72c8991272}]
Capabilities {acceptInsecureCerts: true, browserName: firefox, browserVersion: 124.0.2, moz:accessibilityChecks: false, moz:buildID: 20240401114208, moz:debuggerAddress: 127.0.0.1:20854, moz:geckodriverVersion: 0.34.0, moz:headless: false, moz:platformVersion: 10.0, moz:processID: 18140, moz:profile: C:\Users\Ashok\AppData\Loca..., moz:shutdownTimeout: 60000, moz:webdriverClick: true, moz:windowless: false, pageLoadStrategy: normal, platformName: windows, proxy: Proxy(), se:cdp: ws://127.0.0.1:20854/devtoo..., se:cdpVersion: 85.0, setWindowRect: true, strictFileInteractability: false, timeouts: {implicit: 0, pageLoad: 300000, script: 30000}, unhandledPromptBehavior: dismiss and notify}
Element: [[FirefoxDriver: firefox on windows (75b6679e-071a-4c39-81c9-bdc6b330a656)] -> xpath: //a[contains(text(),'Password & Security')]]
Session ID: 75b6679e-071a-4c39-81c9-bdc6b330a656
	at java.base/jdk.internal.reflect.DirectConstructorHandleAccessor.newInstance(DirectConstructorHandleAccessor.java:62)
	at java.base/java.lang.reflect.Constructor.newInstanceWithCaller(Constructor.java:502)
	at java.base/java.lang.reflect.Constructor.newInstance(Constructor.java:486)
	at org.openqa.selenium.remote.codec.w3c.W3CHttpResponseCodec.createException(W3CHttpResponseCodec.java:200)
	at org.openqa.selenium.remote.codec.w3c.W3CHttpResponseCodec.decode(W3CHttpResponseCodec.java:133)
	at org.openqa.selenium.remote.codec.w3c.W3CHttpResponseCodec.decode(W3CHttpResponseCodec.java:52)
	at org.openqa.selenium.remote.HttpCommandExecutor.execute(HttpCommandExecutor.java:191)
	at org.openqa.selenium.remote.service.DriverCommandExecutor.invokeExecute(DriverCommandExecutor.java:200)
	at org.openqa.selenium.remote.service.DriverCommandExecutor.execute(DriverCommandExecutor.java:175)
	at org.openqa.selenium.remote.RemoteWebDriver.execute(RemoteWebDriver.java:523)
	at org.openqa.selenium.remote.RemoteWebElement.execute(RemoteWebElement.java:224)
	at org.openqa.selenium.remote.RemoteWebElement.click(RemoteWebElement.java:77)
	at com.Pages.accountmenupage.password(accountmenupage.java:114)
	at parallel.AccountmenuSteps.user_clicks_on_password(AccountmenuSteps.java:38)
	at ✽.user clicks on Password(file:///C:/Users/Ashok/eclipse-workspace/FamilyCentral_ProdCucumber/src/test/resources/AllRunFeatures/AccountMenu.feature:15)
]]></failure>
    <system-out><![CDATA[
@feature @docx
Scenario: Add a Custom Folder and Upload DOCX Files of Small, Medium and Large init &amp#27;[90m# src/test/resources/parallel/AddCustomFolder.feature:23&amp#27;[0m
Login with: ashokmarch12@yopmail.com and Password@123
  &amp#27;[32mAnd &amp#27;[0m&amp#27;[32muser modify the data and clicks on save option&amp#27;[0m                                  &amp#27;[90m# parallel.AccountmenuSteps.user_modify_the_data_and_clicks_on_save_option()&amp#27;[0m
  &amp#27;[31mThen &amp#27;[0m&amp#27;[31muser clicks on Password&amp#27;[0m                                                        &amp#27;[90m# parallel.AccountmenuSteps.user_clicks_on_password()&amp#27;[0m
      &amp#27;[31morg.openqa.selenium.ElementNotInteractableException: Element <a class="nav-link" href="#passwordSecurity"> could not be scrolled into view
Build info: version: '4.16.1', revision: '9b4c83354e'
System info: os.name: 'Windows 11', os.arch: 'amd64', os.version: '10.0', java.version: '21.0.1'
Driver info: org.openqa.selenium.firefox.FirefoxDriver
Command: [75b6679e-071a-4c39-81c9-bdc6b330a656, clickElement {id=40d13421-8024-4796-bed7-4b72c8991272}]
Capabilities {acceptInsecureCerts: true, browserName: firefox, browserVersion: 124.0.2, moz:accessibilityChecks: false, moz:buildID: 20240401114208, moz:debuggerAddress: 127.0.0.1:20854, moz:geckodriverVersion: 0.34.0, moz:headless: false, moz:platformVersion: 10.0, moz:processID: 18140, moz:profile: C:\Users\Ashok\AppData\Loca..., moz:shutdownTimeout: 60000, moz:webdriverClick: true, moz:windowless: false, pageLoadStrategy: normal, platformName: windows, proxy: Proxy(), se:cdp: ws://127.0.0.1:20854/devtoo..., se:cdpVersion: 85.0, setWindowRect: true, strictFileInteractability: false, timeouts: {implicit: 0, pageLoad: 300000, script: 30000}, unhandledPromptBehavior: dismiss and notify}
Element: [[FirefoxDriver: firefox on windows (75b6679e-071a-4c39-81c9-bdc6b330a656)] -> xpath: //a[contains(text(),'Password & Security')]]
Session ID: 75b6679e-071a-4c39-81c9-bdc6b330a656
	at java.base/jdk.internal.reflect.DirectConstructorHandleAccessor.newInstance(DirectConstructorHandleAccessor.java:62)
	at java.base/java.lang.reflect.Constructor.newInstanceWithCaller(Constructor.java:502)
	at java.base/java.lang.reflect.Constructor.newInstance(Constructor.java:486)
	at org.openqa.selenium.remote.codec.w3c.W3CHttpResponseCodec.createException(W3CHttpResponseCodec.java:200)
	at org.openqa.selenium.remote.codec.w3c.W3CHttpResponseCodec.decode(W3CHttpResponseCodec.java:133)
	at org.openqa.selenium.remote.codec.w3c.W3CHttpResponseCodec.decode(W3CHttpResponseCodec.java:52)
	at org.openqa.selenium.remote.HttpCommandExecutor.execute(HttpCommandExecutor.java:191)
	at org.openqa.selenium.remote.service.DriverCommandExecutor.invokeExecute(DriverCommandExecutor.java:200)
	at org.openqa.selenium.remote.service.DriverCommandExecutor.execute(DriverCommandExecutor.java:175)
	at org.openqa.selenium.remote.RemoteWebDriver.execute(RemoteWebDriver.java:523)
	at org.openqa.selenium.remote.RemoteWebElement.execute(RemoteWebElement.java:224)
	at org.openqa.selenium.remote.RemoteWebElement.click(RemoteWebElement.java:77)
	at com.Pages.accountmenupage.password(accountmenupage.java:114)
	at parallel.AccountmenuSteps.user_clicks_on_password(AccountmenuSteps.java:38)
	at ✽.user clicks on Password(file:///C:/Users/Ashok/eclipse-workspace/FamilyCentral_ProdCucumber/src/test/resources/AllRunFeatures/AccountMenu.feature:15)
&amp#27;[0m
  &amp#27;[36mAnd &amp#27;[0m&amp#27;[36muser enters the current password&amp#27;[0m                                                &amp#27;[90m# parallel.AccountmenuSteps.user_enters_the_current_password()&amp#27;[0m
  &amp#27;[36mAnd &amp#27;[0m&amp#27;[36muser enters the new password and confirm password&amp#27;[0m                               &amp#27;[90m# parallel.AccountmenuSteps.user_enters_the_new_password_and_confirm_password()&amp#27;[0m
  &amp#27;[36mThen &amp#27;[0m&amp#27;[36muser clicks on savechanges&amp#27;[0m                                                     &amp#27;[90m# parallel.AccountmenuSteps.user_clicks_on_savechanges()&amp#27;[0m
  &amp#27;[36mAnd &amp#27;[0m&amp#27;[36muser clicks on executor&amp#27;[0m                                                         &amp#27;[90m# parallel.AccountmenuSteps.user_clicks_on_executor()&amp#27;[0m
  &amp#27;[36mThen &amp#27;[0m&amp#27;[36muser enters the first name and lastname&amp#27;[0m                                        &amp#27;[90m# parallel.AccountmenuSteps.user_enters_the_first_name_and_lastname()&amp#27;[0m
  &amp#27;[36mAnd &amp#27;[0m&amp#27;[36muser enters the email and phone number&amp#27;[0m                                          &amp#27;[90m# parallel.AccountmenuSteps.user_enters_the_email_and_phone_number()&amp#27;[0m
  &amp#27;[36mThen &amp#27;[0m&amp#27;[36muser sends the invitation to the executor&amp#27;[0m                                      &amp#27;[90m# parallel.AccountmenuSteps.user_sends_the_invitation_to_the_executor()&amp#27;[0m

    Embedding _A_c_c_o_u_n_t_ _M_e_n_u_ _F_u_n_c_t_i_o_n_a_l_i_t_y_ _o_f_ _p_w_d_ _c_h_a_n_g_e_ _a_n_d_ _E_x_e_c_u_t_o_r_ _a_n_d_ _E_m_e_r_g_e_n_c_y_ _c_o_n_t_a_c_t_ [image/png 126826 bytes]

]]></system-out>
  </testcase>
  <testcase name="runScenario[&quot;Accounts page title&quot;, &quot;Account Page feature&quot;](2)" classname="testRunners.ParallelRunTest" time="0.303">
    <failure message="Cannot invoke &quot;com.Pages.AccountsPage.getAccountsPageTitle()&quot; because &quot;this.accountspage&quot; is null" type="java.lang.NullPointerException"><![CDATA[java.lang.NullPointerException: Cannot invoke "com.Pages.AccountsPage.getAccountsPageTitle()" because "this.accountspage" is null
	at parallel.AccountsPageSteps.user_is_on_accounts_page(AccountsPageSteps.java:48)
	at ✽.User is on Accounts page(file:///C:/Users/Ashok/eclipse-workspace/FamilyCentral_ProdCucumber/src/test/resources/AllRunFeatures/AccountPage.feature:12)
]]></failure>
    <system-out><![CDATA[
@feature @Regression
Scenario: Accounts page title                               &amp#27;[90m# src/test/resources/AllRunFeatures/AccountPage.feature:6&amp#27;[0m
Feature: Account Page feature
  &amp#27;[31mWhen &amp#27;[0m&amp#27;[31mUser is on Accounts page&amp#27;[0m                             &amp#27;[90m# parallel.AccountsPageSteps.user_is_on_accounts_page()&amp#27;[0m
      &amp#27;[31mjava.lang.NullPointerException: Cannot invoke "com.Pages.AccountsPage.getAccountsPageTitle()" because "this.accountspage" is null
	at parallel.AccountsPageSteps.user_is_on_accounts_page(AccountsPageSteps.java:48)
	at ✽.User is on Accounts page(file:///C:/Users/Ashok/eclipse-workspace/FamilyCentral_ProdCucumber/src/test/resources/AllRunFeatures/AccountPage.feature:12)
&amp#27;[0m
  &amp#27;[36mAnd &amp#27;[0m&amp#27;[36muser gets the title of the page&amp#27;[0m                       &amp#27;[90m# parallel.LoginPageSteps.user_gets_the_title_of_the_page()&amp#27;[0m
  &amp#27;[36mThen &amp#27;[0m&amp#27;[36mpage title should be &amp#27;[0m&amp#27;[36m&amp#27;[1m"https://www.familycentral.com"&amp#27;[0m &amp#27;[90m# parallel.LoginPageSteps.page_title_should_be(java.lang.String)&amp#27;[0m

    Embedding _A_c_c_o_u_n_t_s_ _p_a_g_e_ _t_i_t_l_e_ [image/png 141214 bytes]

]]></system-out>
  </testcase>
  <testcase name="runScenario[&quot;Accounts section count&quot;, &quot;Account Page feature&quot;](3)" classname="testRunners.ParallelRunTest" time="0.601">
    <failure message="Cannot invoke &quot;com.Pages.AccountsPage.getAccountsSectionsList()&quot; because &quot;this.accountspage&quot; is null" type="java.lang.NullPointerException"><![CDATA[java.lang.NullPointerException: Cannot invoke "com.Pages.AccountsPage.getAccountsSectionsList()" because "this.accountspage" is null
	at parallel.AccountsPageSteps.user_gets_account_section(AccountsPageSteps.java:59)
	at ✽.user gets account section(file:///C:/Users/Ashok/eclipse-workspace/FamilyCentral_ProdCucumber/src/test/resources/AllRunFeatures/AccountPage.feature:25)
]]></failure>
    <system-out><![CDATA[
@feature @Regression
Scenario: Accounts section count         &amp#27;[90m# src/test/resources/AllRunFeatures/AccountPage.feature:17&amp#27;[0m
  &amp#27;[32mGiven &amp#27;[0m&amp#27;[32mUser Clicks on home page&amp#27;[0m         &amp#27;[90m# parallel.HomePageSteps.user_clicks_on_home_page()&amp#27;[0m
>>>expected account sectiion list : [Sign up and create an account, Add a family member, Upload your profile pic, Add an emergency contact, Invite a trusted professional advisor]
  &amp#27;[31mWhen &amp#27;[0m&amp#27;[31muser gets account section&amp#27;[0m         &amp#27;[90m# parallel.AccountsPageSteps.user_gets_account_section(io.cucumber.datatable.DataTable)&amp#27;[0m
    | Sign up and create an account         |
    | Add a family member                   |
    | Upload your profile pic               |
    | Add an emergency contact              |
    | Invite a trusted professional advisor |
      &amp#27;[31mjava.lang.NullPointerException: Cannot invoke "com.Pages.AccountsPage.getAccountsSectionsList()" because "this.accountspage" is null
	at parallel.AccountsPageSteps.user_gets_account_section(AccountsPageSteps.java:59)
	at ✽.user gets account section(file:///C:/Users/Ashok/eclipse-workspace/FamilyCentral_ProdCucumber/src/test/resources/AllRunFeatures/AccountPage.feature:25)
&amp#27;[0m
  &amp#27;[36mThen &amp#27;[0m&amp#27;[36maccount section count should be &amp#27;[0m&amp#27;[36m&amp#27;[1m5&amp#27;[0m &amp#27;[90m# parallel.AccountsPageSteps.account_section_count_should_be(java.lang.Integer)&amp#27;[0m

    Embedding _A_c_c_o_u_n_t_s_ _s_e_c_t_i_o_n_ _c_o_u_n_t_ [image/png 143123 bytes]

]]></system-out>
  </testcase>
  <testcase name="runScenario[&quot;Adding Calendar MileStone of Birthday&quot;, &quot;login page feature&quot;](4)" classname="testRunners.ParallelRunTest" time="7.337">
    <system-out><![CDATA[
@Regression
Scenario: Adding Calendar MileStone of Birthday &amp#27;[90m# src/test/resources/AllRunFeatures/Calendar_Addmilestone.feature:17&amp#27;[0m
Feature: Calendar Event Creation with Recurring and Reminder Options
  &amp#27;[32mGiven &amp#27;[0m&amp#27;[32mthe user is on the Calendar page&amp#27;[0m        &amp#27;[90m# parallel.Calendar_NewEventSteps.the_user_is_on_the_calendar_page()&amp#27;[0m
  &amp#27;[32mWhen &amp#27;[0m&amp#27;[32muser chooses the appropriate event&amp#27;[0m       &amp#27;[90m# parallel.Calendar_AddmilestoneSteps.user_chooses_the_appropriate_event()&amp#27;[0m
  &amp#27;[32mThen &amp#27;[0m&amp#27;[32muser clicks on next&amp#27;[0m                      &amp#27;[90m# parallel.Calendar_AddmilestoneSteps.user_clicks_on_next()&amp#27;[0m
  &amp#27;[32mAnd &amp#27;[0m&amp#27;[32muser enters the name&amp#27;[0m                      &amp#27;[90m# parallel.Calendar_AddmilestoneSteps.user_enters_the_name()&amp#27;[0m
Hii
Selected Day: 20
  &amp#27;[32mThen &amp#27;[0m&amp#27;[32muser selects the date&amp#27;[0m                    &amp#27;[90m# parallel.Calendar_AddmilestoneSteps.user_selects_the_date()&amp#27;[0m
Selected Reminder: 5 min before
Test Passed: Selected Reminder is 5 min before.
  &amp#27;[32mAnd &amp#27;[0m&amp#27;[32muser sets the reminder&amp#27;[0m                    &amp#27;[90m# parallel.Calendar_AddmilestoneSteps.user_sets_the_reminder()&amp#27;[0m
Entered Description: YIoe2HAq0pxTD5yR9Ymo
  &amp#27;[32mAnd &amp#27;[0m&amp#27;[32muser entersthe description&amp#27;[0m                &amp#27;[90m# parallel.Calendar_AddmilestoneSteps.user_entersthe_description()&amp#27;[0m
  &amp#27;[32mThen &amp#27;[0m&amp#27;[32muser clicks on save milestone&amp#27;[0m            &amp#27;[90m# parallel.Calendar_AddmilestoneSteps.user_clicks_on_save_milestone()&amp#27;[0m
]]></system-out>
  </testcase>
</testsuite>