<?xml version="1.0" encoding="UTF-8"?>
<!-- Generated by org.testng.reporters.JUnitReportReporter -->
<testsuite hostname="DESKTOP-DEE9V3N" failures="0" tests="4" name="com.qa.factory.DriverFactoryBefore" time="6.759" errors="0" timestamp="2024-03-21T13:23:46 IST" skipped="0">
  <testcase classname="com.qa.factory.DriverFactoryBefore" name="google_search2" time="0.583"/>
  <testcase classname="com.qa.factory.DriverFactoryBefore" name="google_search2" time="0.489"/>
  <testcase classname="com.qa.factory.DriverFactoryBefore" name="google_search" time="3.737"/>
  <testcase classname="com.qa.factory.DriverFactoryBefore" name="google_search" time="1.950"/>
</testsuite> <!-- com.qa.factory.DriverFactoryBefore -->
