<?xml version="1.0" encoding="UTF-8"?>
<!-- Generated by org.testng.reporters.JUnitReportReporter -->
<testsuite hostname="DESKTOP-DEE9V3N" failures="0" tests="6" name="testRunners.ParallelRunTest" time="38.962" errors="0" timestamp="2024-03-28T16:49:06 IST" skipped="0">
  <testcase classname="testRunners.ParallelRunTest" name="runScenario" time="1.462"/>
  <testcase classname="testRunners.ParallelRunTest" name="runScenario" time="1.405"/>
  <testcase classname="testRunners.ParallelRunTest" name="runScenario" time="1.356"/>
  <testcase classname="testRunners.ParallelRunTest" name="runScenario" time="1.430"/>
  <testcase classname="testRunners.ParallelRunTest" name="runScenario" time="31.825"/>
  <testcase classname="testRunners.ParallelRunTest" name="runScenario" time="1.484"/>
</testsuite> <!-- testRunners.ParallelRunTest -->
