<?xml version="1.0" encoding="UTF-8"?>
<!-- Generated by org.testng.reporters.JUnitReportReporter -->
<testsuite hostname="DESKTOP-DEE9V3N" failures="0" tests="1" name="testRunners.FeatureRunner" time="21.497" errors="0" timestamp="2024-03-12T13:30:20 IST" skipped="0">
  <testcase classname="testRunners.FeatureRunner" name="runScenario" time="21.497"/>
</testsuite> <!-- testRunners.FeatureRunner -->
