<?xml version="1.0" encoding="UTF-8"?>
<!-- Generated by org.testng.reporters.JUnitReportReporter -->
<testsuite hostname="DESKTOP-DEE9V3N" failures="0" tests="3" name="parallel.ParallelRun" time="92.997" errors="0" timestamp="2024-03-05T11:46:26 IST" skipped="0">
  <testcase classname="parallel.ParallelRun" name="runScenario" time="36.606"/>
  <testcase classname="parallel.ParallelRun" name="runScenario" time="29.014"/>
  <testcase classname="parallel.ParallelRun" name="runScenario" time="27.377"/>
</testsuite> <!-- parallel.ParallelRun -->
