<?xml version="1.0" encoding="UTF-8"?>
<!-- Generated by org.testng.reporters.JUnitReportReporter -->
<testsuite hostname="DESKTOP-DEE9V3N" failures="0" tests="1" name="testRunners.ParallelRunTest" time="27.079" errors="0" timestamp="2024-03-25T09:57:08 IST" skipped="0">
  <testcase classname="testRunners.ParallelRunTest" name="runScenario" time="27.079"/>
</testsuite> <!-- testRunners.ParallelRunTest -->
